#
# A fatal error has been detected by the Java Runtime Environment:
#
#  SIGSEGV (0xb) at pc=0xb47b4630, pid=7518, tid=3062618944
#
# JRE version: OpenJDK Runtime Environment (7.0_79-b14) (build 1.7.0_79-b14)
# Java VM: OpenJDK Client VM (24.79-b02 mixed mode linux-x86 )
# Derivative: IcedTea 2.5.5
# Distribution: Debian GNU/Linux 8.0 (jessie), package 7u79-2.5.5-1~deb8u1
# Problematic frame:
# J 173 C1 ar.wololo.pokemon.dominio.Pokemon.experienciaParaNivel(I)Ljava/lang/Integer; (60 bytes) @ 0xb47b4630 [0xb47b4620+0x10]
#
# Failed to write core dump. Core dumps have been disabled. To enable core dumping, try "ulimit -c unlimited" before starting Java again
#
# If you would like to submit a bug report, please include
# instructions on how to reproduce the bug and visit:
#   http://icedtea.classpath.org/bugzilla
#

---------------  T H R E A D  ---------------

Current thread (0xb6708000):  JavaThread "ScalaTest-main-running-ActividadesTest" [_thread_in_Java, id=7520, stack(0xb686d000,0xb68be000)]

siginfo:si_signo=SIGSEGV: si_errno=0, si_code=2 (SEGV_ACCERR), si_addr=0xb686dfec

Registers:
EAX=0x9b155888, EBX=0x000000a8, ECX=0x908beb18, EDX=0x00000002
ESP=0xb6873fec, EBP=0xb68959f8, ESI=0x908beb18, EDI=0x908beb18
EIP=0xb47b4630, EFLAGS=0x00010202, CR2=0xb686dfec

Top of Stack: (sp=0xb6873fec)
0xb6873fec:   b47b4652 00000000 00000000 00000000
0xb6873ffc:   00000000 00000000 00000000 00000000
0xb687400c:   00000000 00000000 00000000 00000000
0xb687401c:   00000000 00000000 00000000 908beb18
0xb687402c:   9b155888 00000000 00000000 b68959f8
0xb687403c:   b47b4652 00000000 00000000 00000000
0xb687404c:   00000000 00000000 00000000 00000000
0xb687405c:   00000000 00000000 00000000 00000000 

Instructions: (pc=0xb47b4630)
0xb47b4610:   05 68 00 00 00 00 00 00 00 00 00 00 00 00 00 00
0xb47b4620:   90 90 90 90 90 90 90 3b 41 04 0f 85 60 fa f5 ff
0xb47b4630:   89 84 24 00 a0 ff ff 55 83 ec 48 83 fa 00 0f 84
0xb47b4640:   2f 00 00 00 4a 8b f1 8b ce 89 74 24 38 e8 de ff 

Register to memory mapping:

EAX=0x9b155888 is an oop
java.lang.Integer 
 - klass: 'java/lang/Integer'
EBX=0x000000a8 is an unknown value
ECX=
[error occurred during error reporting (printing register info), id 0xb]

Stack: [0xb686d000,0xb68be000],  sp=0xb6873fec,  free space=27k
Native frames: (J=compiled Java code, j=interpreted, Vv=VM code, C=native code)
J 173 C1 ar.wololo.pokemon.dominio.Pokemon.experienciaParaNivel(I)Ljava/lang/Integer; (60 bytes) @ 0xb47b4630 [0xb47b4620+0x10]
C  0xb68959f8

[error occurred during error reporting (printing native stack), id 0xb]


---------------  P R O C E S S  ---------------

Java Threads: ( => current thread )
  0x8fa3fc00 JavaThread "ScalaTest-dispatcher" [_thread_blocked, id=7533, stack(0x8f441000,0x8f492000)]
  0xb679b800 JavaThread "Service Thread" daemon [_thread_blocked, id=7531, stack(0x8fc54000,0x8fca5000)]
  0xb6799800 JavaThread "C1 CompilerThread0" daemon [_thread_blocked, id=7530, stack(0x8fca5000,0x8fd26000)]
  0xb6798000 JavaThread "Signal Dispatcher" daemon [_thread_blocked, id=7529, stack(0x8fd26000,0x8fd77000)]
  0xb6785400 JavaThread "Finalizer" daemon [_thread_blocked, id=7527, stack(0x90017000,0x90068000)]
  0xb6783c00 JavaThread "Reference Handler" daemon [_thread_blocked, id=7526, stack(0x90068000,0x900b9000)]
=>0xb6708000 JavaThread "ScalaTest-main-running-ActividadesTest" [_thread_in_Java, id=7520, stack(0xb686d000,0xb68be000)]

Other Threads:
  0xb6781400 VMThread [stack: 0x900b9000,0x9013a000] [id=7525]
  0xb679dc00 WatcherThread [stack: 0x8fbd3000,0x8fc54000] [id=7532]

VM state:not at safepoint (normal execution)

VM Mutex/Monitor currently owned by a thread: None

Heap
 def new generation   total 4928K, used 4794K [0x90600000, 0x90b50000, 0x9b0a0000)
  eden space 4416K,  96% used [0x90600000, 0x90a2e8f0, 0x90a50000)
  from space 512K, 100% used [0x90ad0000, 0x90b50000, 0x90b50000)
  to   space 512K,   0% used [0x90a50000, 0x90a50000, 0x90ad0000)
 tenured generation   total 10944K, used 2227K [0x9b0a0000, 0x9bb50000, 0xb0600000)
   the space 10944K,  20% used [0x9b0a0000, 0x9b2cccf8, 0x9b2cce00, 0x9bb50000)
 compacting perm gen  total 12288K, used 6880K [0xb0600000, 0xb1200000, 0xb4600000)
   the space 12288K,  55% used [0xb0600000, 0xb0cb8318, 0xb0cb8400, 0xb1200000)
No shared spaces configured.

Card table byte_map: [0x904df000,0x90600000] byte_map_base: 0x9005c000

Polling page: 0xb775c000

Code Cache  [0xb46e7000, 0xb47cf000, 0xb66e7000)
 total_blobs=479 nmethods=316 adapters=100 free_code_cache=31841Kb largest_free_block=32605376

Compilation events (10 events):
Event: 1,990 Thread 0xb6799800  312             ar.wololo.pokemon.dominio.Pokemon::copy$default$12 (5 bytes)
Event: 1,990 Thread 0xb6799800 nmethod 312 0xb47cd5c8 code [0xb47cd6c0, 0xb47cd740]
Event: 1,990 Thread 0xb6799800  313             ar.wololo.pokemon.dominio.Pokemon::copy$default$8 (5 bytes)
Event: 1,990 Thread 0xb6799800 nmethod 313 0xb47cd788 code [0xb47cd880, 0xb47cd900]
Event: 1,990 Thread 0xb6799800  314             ar.wololo.pokemon.dominio.Pokemon::copy$default$1 (5 bytes)
Event: 1,990 Thread 0xb6799800 nmethod 314 0xb47cd948 code [0xb47cda40, 0xb47cdac0]
Event: 1,990 Thread 0xb6799800  315             ar.wololo.pokemon.dominio.Pokemon::aumentaExperiencia (211 bytes)
Event: 1,991 Thread 0xb6799800 nmethod 315 0xb47cdb08 code [0xb47cdc60, 0xb47cdf6c]
Event: 1,991 Thread 0xb6799800  316             ar.wololo.pokemon.dominio.Pokemon::subirDeNivel (185 bytes)
Event: 2,020 Thread 0xb6799800 nmethod 316 0xb47ce408 code [0xb47ce540, 0xb47ce838]

GC Heap History (6 events):
Event: 0,954 GC heap before
{Heap before GC invocations=0 (full 0):
 def new generation   total 4928K, used 4413K [0x90600000, 0x90b50000, 0x9b0a0000)
  eden space 4416K,  99% used [0x90600000, 0x90a4f788, 0x90a50000)
  from space 512K,   0% used [0x90a50000, 0x90a50000, 0x90ad0000)
  to   space 512K,   0% used [0x90ad0000, 0x90ad0000, 0x90b50000)
 tenured generation   total 10944K, used 0K [0x9b0a0000, 0x9bb50000, 0xb0600000)
   the space 10944K,   0% used [0x9b0a0000, 0x9b0a0000, 0x9b0a0200, 0x9bb50000)
 compacting perm gen  total 12288K, used 4310K [0xb0600000, 0xb1200000, 0xb4600000)
   the space 12288K,  35% used [0xb0600000, 0xb0a359d8, 0xb0a35a00, 0xb1200000)
No shared spaces configured.
Event: 0,965 GC heap after
Heap after GC invocations=1 (full 0):
 def new generation   total 4928K, used 512K [0x90600000, 0x90b50000, 0x9b0a0000)
  eden space 4416K,   0% used [0x90600000, 0x90600000, 0x90a50000)
  from space 512K, 100% used [0x90ad0000, 0x90b50000, 0x90b50000)
  to   space 512K,   0% used [0x90a50000, 0x90a50000, 0x90ad0000)
 tenured generation   total 10944K, used 540K [0x9b0a0000, 0x9bb50000, 0xb0600000)
   the space 10944K,   4% used [0x9b0a0000, 0x9b127020, 0x9b127200, 0x9bb50000)
 compacting perm gen  total 12288K, used 4310K [0xb0600000, 0xb1200000, 0xb4600000)
   the space 12288K,  35% used [0xb0600000, 0xb0a359d8, 0xb0a35a00, 0xb1200000)
No shared spaces configured.
}
Event: 1,251 GC heap before
{Heap before GC invocations=1 (full 0):
 def new generation   total 4928K, used 4928K [0x90600000, 0x90b50000, 0x9b0a0000)
  eden space 4416K, 100% used [0x90600000, 0x90a50000, 0x90a50000)
  from space 512K, 100% used [0x90ad0000, 0x90b50000, 0x90b50000)
  to   space 512K,   0% used [0x90a50000, 0x90a50000, 0x90ad0000)
 tenured generation   total 10944K, used 540K [0x9b0a0000, 0x9bb50000, 0xb0600000)
   the space 10944K,   4% used [0x9b0a0000, 0x9b127020, 0x9b127200, 0x9bb50000)
 compacting perm gen  total 12288K, used 5428K [0xb0600000, 0xb1200000, 0xb4600000)
   the space 12288K,  44% used [0xb0600000, 0xb0b4d368, 0xb0b4d400, 0xb1200000)
No shared spaces configured.
Event: 1,260 GC heap after
Heap after GC invocations=2 (full 0):
 def new generation   total 4928K, used 512K [0x90600000, 0x90b50000, 0x9b0a0000)
  eden space 4416K,   0% used [0x90600000, 0x90600000, 0x90a50000)
  from space 512K, 100% used [0x90a50000, 0x90ad0000, 0x90ad0000)
  to   space 512K,   0% used [0x90ad0000, 0x90ad0000, 0x90b50000)
 tenured generation   total 10944K, used 1519K [0x9b0a0000, 0x9bb50000, 0xb0600000)
   the space 10944K,  13% used [0x9b0a0000, 0x9b21bc80, 0x9b21be00, 0x9bb50000)
 compacting perm gen  total 12288K, used 5428K [0xb0600000, 0xb1200000, 0xb4600000)
   the space 12288K,  44% used [0xb0600000, 0xb0b4d368, 0xb0b4d400, 0xb1200000)
No shared spaces configured.
}
Event: 1,510 GC heap before
{Heap before GC invocations=2 (full 0):
 def new generation   total 4928K, used 4928K [0x90600000, 0x90b50000, 0x9b0a0000)
  eden space 4416K, 100% used [0x90600000, 0x90a50000, 0x90a50000)
  from space 512K, 100% used [0x90a50000, 0x90ad0000, 0x90ad0000)
  to   space 512K,   0% used [0x90ad0000, 0x90ad0000, 0x90b50000)
 tenured generation   total 10944K, used 1519K [0x9b0a0000, 0x9bb50000, 0xb0600000)
   the space 10944K,  13% used [0x9b0a0000, 0x9b21bc80, 0x9b21be00, 0x9bb50000)
 compacting perm gen  total 12288K, used 6634K [0xb0600000, 0xb1200000, 0xb4600000)
   the space 12288K,  53% used [0xb0600000, 0xb0c7a8a0, 0xb0c7aa00, 0xb1200000)
No shared spaces configured.
Event: 1,520 GC heap after
Heap after GC invocations=3 (full 0):
 def new generation   total 4928K, used 512K [0x90600000, 0x90b50000, 0x9b0a0000)
  eden space 4416K,   0% used [0x90600000, 0x90600000, 0x90a50000)
  from space 512K, 100% used [0x90ad0000, 0x90b50000, 0x90b50000)
  to   space 512K,   0% used [0x90a50000, 0x90a50000, 0x90ad0000)
 tenured generation   total 10944K, used 2227K [0x9b0a0000, 0x9bb50000, 0xb0600000)
   the space 10944K,  20% used [0x9b0a0000, 0x9b2cccf8, 0x9b2cce00, 0x9bb50000)
 compacting perm gen  total 12288K, used 6634K [0xb0600000, 0xb1200000, 0xb4600000)
   the space 12288K,  53% used [0xb0600000, 0xb0c7a8a0, 0xb0c7aa00, 0xb1200000)
No shared spaces configured.
}

Deoptimization events (0 events):
No events

Internal exceptions (10 events):
Event: 1,791 Thread 0x8fa3fc00 Threw 0x907f8e08 at /build/openjdk-7-ZMawwJ/openjdk-7-7u79-2.5.5/build/openjdk/hotspot/src/share/vm/prims/jvm.cpp:1284
Event: 1,791 Thread 0x8fa3fc00 Threw 0x907f9308 at /build/openjdk-7-ZMawwJ/openjdk-7-7u79-2.5.5/build/openjdk/hotspot/src/share/vm/prims/jvm.cpp:1284
Event: 1,796 Thread 0x8fa3fc00 Threw 0x908171d8 at /build/openjdk-7-ZMawwJ/openjdk-7-7u79-2.5.5/build/openjdk/hotspot/src/share/vm/prims/jvm.cpp:1284
Event: 1,796 Thread 0x8fa3fc00 Threw 0x90817688 at /build/openjdk-7-ZMawwJ/openjdk-7-7u79-2.5.5/build/openjdk/hotspot/src/share/vm/prims/jvm.cpp:1284
Event: 1,804 Thread 0x8fa3fc00 Threw 0x90847448 at /build/openjdk-7-ZMawwJ/openjdk-7-7u79-2.5.5/build/openjdk/hotspot/src/share/vm/prims/jvm.cpp:1284
Event: 1,804 Thread 0x8fa3fc00 Threw 0x90847998 at /build/openjdk-7-ZMawwJ/openjdk-7-7u79-2.5.5/build/openjdk/hotspot/src/share/vm/prims/jvm.cpp:1284
Event: 1,816 Thread 0x8fa3fc00 Threw 0x9084ddc8 at /build/openjdk-7-ZMawwJ/openjdk-7-7u79-2.5.5/build/openjdk/hotspot/src/share/vm/prims/jvm.cpp:1284
Event: 1,816 Thread 0x8fa3fc00 Threw 0x9084e290 at /build/openjdk-7-ZMawwJ/openjdk-7-7u79-2.5.5/build/openjdk/hotspot/src/share/vm/prims/jvm.cpp:1284
Event: 1,817 Thread 0x8fa3fc00 Threw 0x90852f98 at /build/openjdk-7-ZMawwJ/openjdk-7-7u79-2.5.5/build/openjdk/hotspot/src/share/vm/prims/jvm.cpp:1284
Event: 1,817 Thread 0x8fa3fc00 Threw 0x90853528 at /build/openjdk-7-ZMawwJ/openjdk-7-7u79-2.5.5/build/openjdk/hotspot/src/share/vm/prims/jvm.cpp:1284

Events (10 events):
Event: 1,790 loading class 0x09ba2b68
Event: 1,790 loading class 0x09ba2b68 done
Event: 1,796 loading class 0x8fa31390
Event: 1,796 loading class 0x8fa31390 done
Event: 1,804 loading class 0x8fa31410
Event: 1,804 loading class 0x8fa31410 done
Event: 1,816 loading class 0x8fafdd50
Event: 1,816 loading class 0x8fafdd50 done
Event: 1,817 loading class 0x09b9e880
Event: 1,817 loading class 0x09b9e880 done


Dynamic libraries:
08048000-08049000 r-xp 00000000 08:05 401311     /usr/lib/jvm/java-7-openjdk-i386/jre/bin/java
08049000-0804a000 r--p 00000000 08:05 401311     /usr/lib/jvm/java-7-openjdk-i386/jre/bin/java
0804a000-0804b000 rw-p 00001000 08:05 401311     /usr/lib/jvm/java-7-openjdk-i386/jre/bin/java
09a80000-09bee000 rw-p 00000000 00:00 0          [heap]
8f300000-8f34b000 rw-p 00000000 00:00 0 
8f34b000-8f400000 ---p 00000000 00:00 0 
8f441000-8f444000 ---p 00000000 00:00 0 
8f444000-8f492000 rwxp 00000000 00:00 0          [stack:7533]
8f492000-8f653000 rw-p 00000000 00:00 0 
8f653000-8f6c2000 r-xp 00000000 08:05 234        /lib/i386-linux-gnu/libpcre.so.3.13.1
8f6c2000-8f6c3000 r--p 0006f000 08:05 234        /lib/i386-linux-gnu/libpcre.so.3.13.1
8f6c3000-8f6c4000 rw-p 00070000 08:05 234        /lib/i386-linux-gnu/libpcre.so.3.13.1
8f6c4000-8f7ea000 r-xp 00000000 08:05 156        /lib/i386-linux-gnu/libglib-2.0.so.0.4200.1
8f7ea000-8f7eb000 r--p 00125000 08:05 156        /lib/i386-linux-gnu/libglib-2.0.so.0.4200.1
8f7eb000-8f7ec000 rw-p 00126000 08:05 156        /lib/i386-linux-gnu/libglib-2.0.so.0.4200.1
8f7ec000-8f848000 r-xp 00000000 08:05 398732     /usr/lib/i386-linux-gnu/libgobject-2.0.so.0.4200.1
8f848000-8f849000 r--p 0005b000 08:05 398732     /usr/lib/i386-linux-gnu/libgobject-2.0.so.0.4200.1
8f849000-8f84a000 rw-p 0005c000 08:05 398732     /usr/lib/i386-linux-gnu/libgobject-2.0.so.0.4200.1
8f84a000-8f9fb000 r-xp 00000000 08:05 398685     /usr/lib/i386-linux-gnu/libgio-2.0.so.0.4200.1
8f9fb000-8f9fe000 r--p 001b0000 08:05 398685     /usr/lib/i386-linux-gnu/libgio-2.0.so.0.4200.1
8f9fe000-8f9ff000 rw-p 001b3000 08:05 398685     /usr/lib/i386-linux-gnu/libgio-2.0.so.0.4200.1
8f9ff000-8fa00000 rw-p 00000000 00:00 0 
8fa00000-8faff000 rw-p 00000000 00:00 0 
8faff000-8fb00000 ---p 00000000 00:00 0 
8fb2c000-8fb51000 r-xp 00000000 08:05 257        /lib/i386-linux-gnu/libselinux.so.1
8fb51000-8fb52000 r--p 00024000 08:05 257        /lib/i386-linux-gnu/libselinux.so.1
8fb52000-8fb53000 rw-p 00025000 08:05 257        /lib/i386-linux-gnu/libselinux.so.1
8fb53000-8fb54000 rw-p 00000000 00:00 0 
8fb62000-8fb6d000 r--s 00094000 08:06 657697     /home/nachomf/Descargas/Scala/eclipse/plugins/org.scala-lang.modules.scala-xml_1.0.3.jar
8fb6d000-8fbd3000 r--s 00675000 08:06 657818     /home/nachomf/wololos-1c-2015-tp-tadp-pokemon/scalatest_2.11-2.2.4.jar
8fbd3000-8fbd4000 ---p 00000000 00:00 0 
8fbd4000-8fca5000 rwxp 00000000 00:00 0          [stack:7531]
8fca5000-8fca6000 ---p 00000000 00:00 0 
8fca6000-8fd77000 rwxp 00000000 00:00 0          [stack:7529]
8fd77000-8ff00000 r--p 00000000 08:05 431749     /usr/lib/locale/locale-archive
8ff00000-8ff21000 rw-p 00000000 00:00 0 
8ff21000-90000000 ---p 00000000 00:00 0 
90000000-90013000 r-xp 00000000 08:05 93         /lib/i386-linux-gnu/i686/cmov/libresolv-2.19.so
90013000-90014000 r--p 00012000 08:05 93         /lib/i386-linux-gnu/i686/cmov/libresolv-2.19.so
90014000-90015000 rw-p 00013000 08:05 93         /lib/i386-linux-gnu/i686/cmov/libresolv-2.19.so
90015000-90017000 rw-p 00000000 00:00 0 
90017000-900b9000 rwxp 00000000 00:00 0          [stack:7526]
900b9000-900ba000 ---p 00000000 00:00 0 
900ba000-9013a000 rwxp 00000000 00:00 0          [stack:7525]
9013a000-90183000 rw-p 00000000 00:00 0 
90183000-90334000 r--s 01d27000 08:05 432475     /usr/lib/jvm/java-7-openjdk-i386/jre/lib/rt.jar
90334000-90380000 r--s 003f3000 08:06 657704     /home/nachomf/Descargas/Scala/eclipse/plugins/org.scala-lang.scala-reflect_2.11.6.v20150224-172222-092690e7bf.jar
90380000-903d9000 r--s 004f6000 08:06 657702     /home/nachomf/Descargas/Scala/eclipse/plugins/org.scala-lang.scala-library_2.11.6.v20150224-172222-092690e7bf.jar
903d9000-9043a000 rw-p 00000000 00:00 0 
9043a000-904df000 rw-p 00000000 00:00 0 
904df000-904e2000 rw-p 00000000 00:00 0 
904e2000-90534000 rw-p 00000000 00:00 0 
90534000-9053a000 rw-p 00000000 00:00 0 
9053a000-905df000 rw-p 00000000 00:00 0 
905df000-905e5000 rw-p 00000000 00:00 0 
905e5000-905ff000 rw-p 00000000 00:00 0 
905ff000-90b50000 rw-p 00000000 00:00 0 
90b50000-9b0a0000 rw-p 00000000 00:00 0 
9b0a0000-9bb50000 rw-p 00000000 00:00 0 
9bb50000-b0600000 rw-p 00000000 00:00 0 
b0600000-b1200000 rw-p 00000000 00:00 0 
b1200000-b4600000 rw-p 00000000 00:00 0 
b4609000-b460f000 r-xp 00000000 08:05 398552     /usr/lib/i386-linux-gnu/libffi.so.6.0.2
b460f000-b4610000 r--p 00005000 08:05 398552     /usr/lib/i386-linux-gnu/libffi.so.6.0.2
b4610000-b4611000 rw-p 00006000 08:05 398552     /usr/lib/i386-linux-gnu/libffi.so.6.0.2
b4611000-b4614000 r-xp 00000000 08:05 398710     /usr/lib/i386-linux-gnu/libgmodule-2.0.so.0.4200.1
b4614000-b4615000 r--p 00002000 08:05 398710     /usr/lib/i386-linux-gnu/libgmodule-2.0.so.0.4200.1
b4615000-b4616000 rw-p 00003000 08:05 398710     /usr/lib/i386-linux-gnu/libgmodule-2.0.so.0.4200.1
b4616000-b462c000 r-xp 00000000 08:05 432451     /usr/lib/jvm/java-7-openjdk-i386/jre/lib/i386/libnet.so
b462c000-b462d000 r--p 00016000 08:05 432451     /usr/lib/jvm/java-7-openjdk-i386/jre/lib/i386/libnet.so
b462d000-b462e000 rw-p 00017000 08:05 432451     /usr/lib/jvm/java-7-openjdk-i386/jre/lib/i386/libnet.so
b462e000-b4638000 r--s 0007f000 08:06 657860     /home/nachomf/Descargas/Scala/eclipse/plugins/org.scala-ide.sdt.scalatest_2.9.3.v-4-2_11-201503120831-a29ebef.jar
b4638000-b463a000 r--s 00006000 08:05 530882     /usr/share/java/java-atk-wrapper.jar
b463a000-b463e000 r--s 00034000 08:05 432469     /usr/lib/jvm/java-7-openjdk-i386/jre/lib/ext/sunjce_provider.jar
b463e000-b4646000 r--s 0006c000 08:06 657699     /home/nachomf/Descargas/Scala/eclipse/plugins/org.scala-lang.scala-actors_2.11.6.v20150224-172222-092690e7bf.jar
b4646000-b464d000 rw-p 00000000 00:00 0 
b464d000-b4667000 rw-p 00000000 00:00 0 
b4667000-b466b000 rw-p 00000000 00:00 0 
b466b000-b46e7000 rw-p 00000000 00:00 0 
b46e7000-b47cf000 rwxp 00000000 00:00 0 
b47cf000-b66e7000 rw-p 00000000 00:00 0 
b66e7000-b66f2000 r-xp 00000000 08:05 82         /lib/i386-linux-gnu/i686/cmov/libnss_files-2.19.so
b66f2000-b66f3000 r--p 0000a000 08:05 82         /lib/i386-linux-gnu/i686/cmov/libnss_files-2.19.so
b66f3000-b66f4000 rw-p 0000b000 08:05 82         /lib/i386-linux-gnu/i686/cmov/libnss_files-2.19.so
b66f4000-b66fe000 r-xp 00000000 08:05 86         /lib/i386-linux-gnu/i686/cmov/libnss_nis-2.19.so
b66fe000-b66ff000 r--p 00009000 08:05 86         /lib/i386-linux-gnu/i686/cmov/libnss_nis-2.19.so
b66ff000-b6700000 rw-p 0000a000 08:05 86         /lib/i386-linux-gnu/i686/cmov/libnss_nis-2.19.so
b6700000-b67ff000 rw-p 00000000 00:00 0 
b67ff000-b6800000 ---p 00000000 00:00 0 
b6801000-b6816000 r-xp 00000000 08:05 76         /lib/i386-linux-gnu/i686/cmov/libnsl-2.19.so
b6816000-b6817000 r--p 00015000 08:05 76         /lib/i386-linux-gnu/i686/cmov/libnsl-2.19.so
b6817000-b6818000 rw-p 00016000 08:05 76         /lib/i386-linux-gnu/i686/cmov/libnsl-2.19.so
b6818000-b681a000 rw-p 00000000 00:00 0 
b681a000-b6821000 r-xp 00000000 08:05 78         /lib/i386-linux-gnu/i686/cmov/libnss_compat-2.19.so
b6821000-b6822000 r--p 00006000 08:05 78         /lib/i386-linux-gnu/i686/cmov/libnss_compat-2.19.so
b6822000-b6823000 rw-p 00007000 08:05 78         /lib/i386-linux-gnu/i686/cmov/libnss_compat-2.19.so
b6823000-b6824000 r--s 00002000 08:05 432467     /usr/lib/jvm/java-7-openjdk-i386/jre/lib/ext/dnsns.jar
b6824000-b6828000 r--s 0003c000 08:05 432466     /usr/lib/jvm/java-7-openjdk-i386/jre/lib/ext/sunpkcs11.jar
b6828000-b682a000 r--s 00012000 08:05 432470     /usr/lib/jvm/java-7-openjdk-i386/jre/lib/ext/zipfs.jar
b682a000-b6832000 r-xp 00000000 08:05 432458     /usr/lib/jvm/java-7-openjdk-i386/jre/lib/i386/libzip.so
b6832000-b6833000 r--p 00007000 08:05 432458     /usr/lib/jvm/java-7-openjdk-i386/jre/lib/i386/libzip.so
b6833000-b6834000 rw-p 00008000 08:05 432458     /usr/lib/jvm/java-7-openjdk-i386/jre/lib/i386/libzip.so
b6834000-b683c000 rw-s 00000000 08:05 432378     /tmp/hsperfdata_nachomf/7518
b683c000-b6862000 r-xp 00000000 08:05 432440     /usr/lib/jvm/java-7-openjdk-i386/jre/lib/i386/libjava.so
b6862000-b6863000 r--p 00025000 08:05 432440     /usr/lib/jvm/java-7-openjdk-i386/jre/lib/i386/libjava.so
b6863000-b6864000 rw-p 00026000 08:05 432440     /usr/lib/jvm/java-7-openjdk-i386/jre/lib/i386/libjava.so
b6864000-b686b000 r-xp 00000000 08:05 95         /lib/i386-linux-gnu/i686/cmov/librt-2.19.so
b686b000-b686c000 r--p 00006000 08:05 95         /lib/i386-linux-gnu/i686/cmov/librt-2.19.so
b686c000-b686d000 rw-p 00007000 08:05 95         /lib/i386-linux-gnu/i686/cmov/librt-2.19.so
b686d000-b686e000 rw-p 00000000 00:00 0 
b686e000-b68be000 rwxp 00000000 00:00 0          [stack:7520]
b68be000-b68da000 r-xp 00000000 08:05 152        /lib/i386-linux-gnu/libgcc_s.so.1
b68da000-b68db000 rw-p 0001b000 08:05 152        /lib/i386-linux-gnu/libgcc_s.so.1
b68db000-b691f000 r-xp 00000000 08:05 73         /lib/i386-linux-gnu/i686/cmov/libm-2.19.so
b691f000-b6920000 r--p 00043000 08:05 73         /lib/i386-linux-gnu/i686/cmov/libm-2.19.so
b6920000-b6921000 rw-p 00044000 08:05 73         /lib/i386-linux-gnu/i686/cmov/libm-2.19.so
b6921000-b6a07000 r-xp 00000000 08:05 399444     /usr/lib/i386-linux-gnu/libstdc++.so.6.0.20
b6a07000-b6a0b000 r--p 000e6000 08:05 399444     /usr/lib/i386-linux-gnu/libstdc++.so.6.0.20
b6a0b000-b6a0c000 rw-p 000ea000 08:05 399444     /usr/lib/i386-linux-gnu/libstdc++.so.6.0.20
b6a0c000-b6a13000 rw-p 00000000 00:00 0 
b6a13000-b711b000 r-xp 00000000 08:05 432464     /usr/lib/jvm/java-7-openjdk-i386/jre/lib/i386/client/libjvm.so
b711b000-b7133000 r--p 00707000 08:05 432464     /usr/lib/jvm/java-7-openjdk-i386/jre/lib/i386/client/libjvm.so
b7133000-b7142000 rw-p 0071f000 08:05 432464     /usr/lib/jvm/java-7-openjdk-i386/jre/lib/i386/client/libjvm.so
b7142000-b755e000 rw-p 00000000 00:00 0 
b755e000-b7578000 r-xp 00000000 08:05 290        /lib/i386-linux-gnu/libz.so.1.2.8
b7578000-b757a000 r--p 00019000 08:05 290        /lib/i386-linux-gnu/libz.so.1.2.8
b757a000-b757b000 rw-p 0001b000 08:05 290        /lib/i386-linux-gnu/libz.so.1.2.8
b757b000-b771f000 r-xp 00000000 08:05 65         /lib/i386-linux-gnu/i686/cmov/libc-2.19.so
b771f000-b7721000 r--p 001a4000 08:05 65         /lib/i386-linux-gnu/i686/cmov/libc-2.19.so
b7721000-b7722000 rw-p 001a6000 08:05 65         /lib/i386-linux-gnu/i686/cmov/libc-2.19.so
b7722000-b7725000 rw-p 00000000 00:00 0 
b7725000-b7728000 r-xp 00000000 08:05 71         /lib/i386-linux-gnu/i686/cmov/libdl-2.19.so
b7728000-b7729000 r--p 00002000 08:05 71         /lib/i386-linux-gnu/i686/cmov/libdl-2.19.so
b7729000-b772a000 rw-p 00003000 08:05 71         /lib/i386-linux-gnu/i686/cmov/libdl-2.19.so
b772a000-b7736000 r-xp 00000000 08:05 432462     /usr/lib/jvm/java-7-openjdk-i386/jre/lib/i386/jli/libjli.so
b7736000-b7737000 r--p 0000b000 08:05 432462     /usr/lib/jvm/java-7-openjdk-i386/jre/lib/i386/jli/libjli.so
b7737000-b7738000 rw-p 0000c000 08:05 432462     /usr/lib/jvm/java-7-openjdk-i386/jre/lib/i386/jli/libjli.so
b7738000-b7750000 r-xp 00000000 08:05 91         /lib/i386-linux-gnu/i686/cmov/libpthread-2.19.so
b7750000-b7751000 r--p 00017000 08:05 91         /lib/i386-linux-gnu/i686/cmov/libpthread-2.19.so
b7751000-b7752000 rw-p 00018000 08:05 91         /lib/i386-linux-gnu/i686/cmov/libpthread-2.19.so
b7752000-b7755000 rw-p 00000000 00:00 0 
b7755000-b7758000 r--s 0000f000 08:05 432471     /usr/lib/jvm/java-7-openjdk-i386/jre/lib/ext/icedtea-sound.jar
b7758000-b775b000 r--s 00086000 08:05 432468     /usr/lib/jvm/java-7-openjdk-i386/jre/lib/ext/localedata.jar
b775b000-b775c000 rw-p 00000000 00:00 0 
b775c000-b775d000 r--p 00000000 00:00 0 
b775d000-b776b000 r-xp 00000000 08:05 432457     /usr/lib/jvm/java-7-openjdk-i386/jre/lib/i386/libverify.so
b776b000-b776d000 r--p 0000d000 08:05 432457     /usr/lib/jvm/java-7-openjdk-i386/jre/lib/i386/libverify.so
b776d000-b776e000 rw-p 0000f000 08:05 432457     /usr/lib/jvm/java-7-openjdk-i386/jre/lib/i386/libverify.so
b776e000-b7770000 rw-p 00000000 00:00 0 
b7770000-b7771000 r-xp 00000000 00:00 0          [vdso]
b7771000-b7773000 r--p 00000000 00:00 0          [vvar]
b7773000-b7792000 r-xp 00000000 08:05 101        /lib/i386-linux-gnu/ld-2.19.so
b7792000-b7793000 r--p 0001f000 08:05 101        /lib/i386-linux-gnu/ld-2.19.so
b7793000-b7794000 rw-p 00020000 08:05 101        /lib/i386-linux-gnu/ld-2.19.so
bfa33000-bfa34000 rwxp 00000000 00:00 0 
bfa66000-bfa85000 rwxp 00000000 00:00 0          [stack]
bfa85000-bfa87000 rw-p 00000000 00:00 0 

VM Arguments:
jvm_args: -Dfile.encoding=UTF-8 -Xbootclasspath/p:/home/nachomf/Descargas/Scala/eclipse/plugins/org.scala-lang.scala-library_2.11.6.v20150224-172222-092690e7bf.jar:/home/nachomf/Descargas/Scala/eclipse/plugins/org.scala-lang.scala-reflect_2.11.6.v20150224-172222-092690e7bf.jar:/home/nachomf/Descargas/Scala/eclipse/plugins/org.scala-lang.scala-actors_2.11.6.v20150224-172222-092690e7bf.jar 
java_command: scala.tools.eclipse.scalatest.launching.ScalaTestLauncher /tmp/st-launch5896460981980313870.classpath /tmp/st-launch2603261691875274088.args
Launcher Type: SUN_STANDARD

Environment Variables:
PATH=/usr/local/bin:/usr/bin:/bin:/usr/local/games:/usr/games
USERNAME=nachomf
LD_LIBRARY_PATH=/usr/lib/jvm/java-7-openjdk-i386/jre/lib/i386/client:/usr/lib/jvm/java-7-openjdk-i386/jre/lib/i386:
SHELL=/bin/bash
DISPLAY=:0

Signal Handlers:
SIGSEGV: [libjvm.so+0x4cfd40], sa_mask[0]=0x7ffbfeff, sa_flags=0x10000004
SIGBUS: [libjvm.so+0x4cfd40], sa_mask[0]=0x7ffbfeff, sa_flags=0x10000004
SIGFPE: [libjvm.so+0x3bdc80], sa_mask[0]=0x7ffbfeff, sa_flags=0x10000004
SIGPIPE: [libjvm.so+0x3bdc80], sa_mask[0]=0x7ffbfeff, sa_flags=0x10000004
SIGXFSZ: [libjvm.so+0x3bdc80], sa_mask[0]=0x7ffbfeff, sa_flags=0x10000004
SIGILL: [libjvm.so+0x3bdc80], sa_mask[0]=0x7ffbfeff, sa_flags=0x10000004
SIGUSR1: SIG_DFL, sa_mask[0]=0x00000000, sa_flags=0x00000000
SIGUSR2: [libjvm.so+0x3bdad0], sa_mask[0]=0x00000004, sa_flags=0x10000004
SIGHUP: [libjvm.so+0x3bdd30], sa_mask[0]=0x7ffbfeff, sa_flags=0x10000004
SIGINT: [libjvm.so+0x3bdd30], sa_mask[0]=0x7ffbfeff, sa_flags=0x10000004
SIGTERM: [libjvm.so+0x3bdd30], sa_mask[0]=0x7ffbfeff, sa_flags=0x10000004
SIGQUIT: [libjvm.so+0x3bdd30], sa_mask[0]=0x7ffbfeff, sa_flags=0x10000004
SIGTRAP: SIG_DFL, sa_mask[0]=0x00000000, sa_flags=0x00000000


---------------  S Y S T E M  ---------------

OS:8.0

uname:Linux 3.16.0-4-686-pae #1 SMP Debian 3.16.7-ckt9-3~deb8u1 (2015-04-24) i686
libc:glibc 2.19 NPTL 2.19 
rlimit: STACK 8192k, CORE 0k, NPROC 16001, NOFILE 65536, AS infinity
load average:0,48 4,27 8,28

/proc/meminfo:
MemTotal:        2069788 kB
MemFree:          473692 kB
MemAvailable:     816612 kB
Buffers:           31608 kB
Cached:           443964 kB
SwapCached:         2144 kB
Active:          1033660 kB
Inactive:         438416 kB
Active(anon):     717240 kB
Inactive(anon):   285916 kB
Active(file):     316420 kB
Inactive(file):   152500 kB
Unevictable:          24 kB
Mlocked:              24 kB
HighTotal:       1187400 kB
HighFree:         276124 kB
LowTotal:         882388 kB
LowFree:          197568 kB
SwapTotal:        975868 kB
SwapFree:         966692 kB
Dirty:                48 kB
Writeback:             0 kB
AnonPages:        994636 kB
Mapped:           158768 kB
Shmem:              6652 kB
Slab:              41464 kB
SReclaimable:      28608 kB
SUnreclaim:        12856 kB
KernelStack:        2592 kB
PageTables:         6812 kB
NFS_Unstable:          0 kB
Bounce:                0 kB
WritebackTmp:          0 kB
CommitLimit:     2010760 kB
Committed_AS:    2795516 kB
VmallocTotal:     122880 kB
VmallocUsed:       61928 kB
VmallocChunk:      50156 kB
HardwareCorrupted:     0 kB
AnonHugePages:         0 kB
HugePages_Total:       0
HugePages_Free:        0
HugePages_Rsvd:        0
HugePages_Surp:        0
Hugepagesize:       2048 kB
DirectMap4k:       71672 kB
DirectMap2M:      835584 kB


CPU:total 1 (1 cores per cpu, 1 threads per core) family 6 model 23 stepping 10, cmov, cx8, fxsr, mmx, sse, sse2, sse3, ssse3, tsc

/proc/cpuinfo:
processor	: 0
vendor_id	: GenuineIntel
cpu family	: 6
model		: 23
model name	: Intel(R) Celeron(R) CPU          900  @ 2.20GHz
stepping	: 10
microcode	: 0xa07
cpu MHz		: 2199.421
cache size	: 1024 KB
physical id	: 0
siblings	: 1
core id		: 0
cpu cores	: 1
apicid		: 0
initial apicid	: 0
fdiv_bug	: no
f00f_bug	: no
coma_bug	: no
fpu		: yes
fpu_exception	: yes
cpuid level	: 13
wp		: yes
flags		: fpu vme de pse tsc msr pae mce cx8 sep mtrr pge mca cmov pat pse36 clflush dts acpi mmx fxsr sse sse2 ss tm pbe nx lm constant_tsc arch_perfmon pebs bts aperfmperf pni dtes64 monitor ds_cpl tm2 ssse3 cx16 xtpr pdcm xsave lahf_lm dtherm
bogomips	: 4398.84
clflush size	: 64
cache_alignment	: 64
address sizes	: 36 bits physical, 48 bits virtual
power management:



Memory: 4k page, physical 2069788k(473692k free), swap 975868k(966692k free)

vm_info: OpenJDK Client VM (24.79-b02) for linux-x86 JRE (1.7.0_79-b14), built on Apr 27 2015 11:16:50 by "buildd" with gcc 4.9.2

time: Fri Jun 12 22:12:18 2015
elapsed time: 2 seconds

