#
# A fatal error has been detected by the Java Runtime Environment:
#
#  SIGSEGV (0xb) at pc=0xb47820f0, pid=7762, tid=3062455104
#
# JRE version: OpenJDK Runtime Environment (7.0_79-b14) (build 1.7.0_79-b14)
# Java VM: OpenJDK Client VM (24.79-b02 mixed mode linux-x86 )
# Derivative: IcedTea 2.5.5
# Distribution: Debian GNU/Linux 8.0 (jessie), package 7u79-2.5.5-1~deb8u1
# Problematic frame:
# J 170 C1 ar.wololo.pokemon.dominio.Pokemon.experienciaParaNivel(I)Ljava/lang/Integer; (60 bytes) @ 0xb47820f0 [0xb47820e0+0x10]
#
# Failed to write core dump. Core dumps have been disabled. To enable core dumping, try "ulimit -c unlimited" before starting Java again
#
# If you would like to submit a bug report, please include
# instructions on how to reproduce the bug and visit:
#   http://icedtea.classpath.org/bugzilla
#

---------------  T H R E A D  ---------------

Current thread (0xb6708000):  JavaThread "ScalaTest-main-running-ActividadesTest" [_thread_in_Java, id=7765, stack(0xb6845000,0xb6896000)]

siginfo:si_signo=SIGSEGV: si_errno=0, si_code=2 (SEGV_ACCERR), si_addr=0xb6845ffc

Registers:
EAX=0x9b155888, EBX=0x000000a8, ECX=0x90a21ee0, EDX=0x00000001
ESP=0xb684bffc, EBP=0xb6869f14, ESI=0x90a21ee0, EDI=0x00000028
EIP=0xb47820f0, EFLAGS=0x00010202, CR2=0xb6845ffc

Top of Stack: (sp=0xb684bffc)
0xb684bffc:   b4782112 00000000 00000000 00000000
0xb684c00c:   9b155608 00000000 00000000 00000000
0xb684c01c:   9b155608 00000000 00000000 00000000
0xb684c02c:   9b155608 00000000 00000000 90a21ee0
0xb684c03c:   9b155888 00000000 00000000 b6869f14
0xb684c04c:   b4782112 00000000 00000000 00000000
0xb684c05c:   9b155608 00000000 00000000 00000000
0xb684c06c:   9b155608 00000000 00000000 00000000 

Instructions: (pc=0xb47820f0)
0xb47820d0:   05 70 0b 68 01 f8 32 ff 06 90 05 68 00 00 00 00
0xb47820e0:   90 90 90 90 90 90 90 3b 41 04 0f 85 a0 ff f5 ff
0xb47820f0:   89 84 24 00 a0 ff ff 55 83 ec 48 83 fa 00 0f 84
0xb4782100:   2c 00 00 00 4a 8b f1 8b ce 89 74 24 38 e8 de ff 

Register to memory mapping:

EAX=0x9b155888 is an oop
java.lang.Integer 
 - klass: 'java/lang/Integer'
EBX=0x000000a8 is an unknown value
ECX=
[error occurred during error reporting (printing register info), id 0xb]

Stack: [0xb6845000,0xb6896000],  sp=0xb684bffc,  free space=27k
Native frames: (J=compiled Java code, j=interpreted, Vv=VM code, C=native code)
J 170 C1 ar.wololo.pokemon.dominio.Pokemon.experienciaParaNivel(I)Ljava/lang/Integer; (60 bytes) @ 0xb47820f0 [0xb47820e0+0x10]
C  0xb6869f14

[error occurred during error reporting (printing native stack), id 0xb]


---------------  P R O C E S S  ---------------

Java Threads: ( => current thread )
  0x8faaec00 JavaThread "ScalaTest-dispatcher" [_thread_blocked, id=7777, stack(0x8f441000,0x8f492000)]
  0xb679b800 JavaThread "Service Thread" daemon [_thread_blocked, id=7774, stack(0x8fc54000,0x8fca5000)]
  0xb6799800 JavaThread "C1 CompilerThread0" daemon [_thread_in_native, id=7773, stack(0x8fca5000,0x8fd26000)]
  0xb6798000 JavaThread "Signal Dispatcher" daemon [_thread_blocked, id=7772, stack(0x8fd26000,0x8fd77000)]
  0xb6785400 JavaThread "Finalizer" daemon [_thread_blocked, id=7771, stack(0x90017000,0x90068000)]
  0xb6783c00 JavaThread "Reference Handler" daemon [_thread_blocked, id=7770, stack(0x90068000,0x900b9000)]
=>0xb6708000 JavaThread "ScalaTest-main-running-ActividadesTest" [_thread_in_Java, id=7765, stack(0xb6845000,0xb6896000)]

Other Threads:
  0xb6781400 VMThread [stack: 0x900b9000,0x9013a000] [id=7769]
  0xb679e000 WatcherThread [stack: 0x8fbd3000,0x8fc54000] [id=7775]

VM state:not at safepoint (normal execution)

VM Mutex/Monitor currently owned by a thread: None

Heap
 def new generation   total 4928K, used 4811K [0x90600000, 0x90b50000, 0x9b0a0000)
  eden space 4416K,  97% used [0x90600000, 0x90a32eb8, 0x90a50000)
  from space 512K, 100% used [0x90ad0000, 0x90b50000, 0x90b50000)
  to   space 512K,   0% used [0x90a50000, 0x90a50000, 0x90ad0000)
 tenured generation   total 10944K, used 2226K [0x9b0a0000, 0x9bb50000, 0xb0600000)
   the space 10944K,  20% used [0x9b0a0000, 0x9b2cc830, 0x9b2cca00, 0x9bb50000)
 compacting perm gen  total 12288K, used 6878K [0xb0600000, 0xb1200000, 0xb4600000)
   the space 12288K,  55% used [0xb0600000, 0xb0cb7b88, 0xb0cb7c00, 0xb1200000)
No shared spaces configured.

Card table byte_map: [0x904df000,0x90600000] byte_map_base: 0x9005c000

Polling page: 0xb7734000

Code Cache  [0xb46b5000, 0xb47a5000, 0xb66b5000)
 total_blobs=481 nmethods=318 adapters=100 free_code_cache=31838Kb largest_free_block=32602112

Compilation events (10 events):
Event: 2,759 Thread 0xb6799800 nmethod 314 0xb479bfc8 code [0xb479c0c0, 0xb479c130]
Event: 2,759 Thread 0xb6799800  315             scala.collection.IndexedSeqLike$class::iterator (16 bytes)
Event: 2,764 Thread 0xb6799800 nmethod 315 0xb479c188 code [0xb479c2a0, 0xb479c3ac]
Event: 2,764 Thread 0xb6799800  316             scala.collection.IndexedSeqLike$Elements::<init> (30 bytes)
Event: 2,764 Thread 0xb6799800 nmethod 316 0xb479c488 code [0xb479c580, 0xb479c630]
Event: 2,764 Thread 0xb6799800  317             ar.wololo.pokemon.dominio.Pokemon::aumentaExperiencia (258 bytes)
Event: 2,765 Thread 0xb6799800 nmethod 317 0xb479c6c8 code [0xb479c850, 0xb479cc3c]
Event: 2,766 Thread 0xb6799800  318             ar.wololo.pokemon.dominio.Pokemon::subirDeNivel (173 bytes)
Event: 2,766 Thread 0xb6799800 nmethod 318 0xb479d1c8 code [0xb479d2f0, 0xb479d5c0]
Event: 2,766 Thread 0xb6799800  319             scala.collection.mutable.ArrayBuffer::iterator (5 bytes)

GC Heap History (6 events):
Event: 1,502 GC heap before
{Heap before GC invocations=0 (full 0):
 def new generation   total 4928K, used 4413K [0x90600000, 0x90b50000, 0x9b0a0000)
  eden space 4416K,  99% used [0x90600000, 0x90a4f7c0, 0x90a50000)
  from space 512K,   0% used [0x90a50000, 0x90a50000, 0x90ad0000)
  to   space 512K,   0% used [0x90ad0000, 0x90ad0000, 0x90b50000)
 tenured generation   total 10944K, used 0K [0x9b0a0000, 0x9bb50000, 0xb0600000)
   the space 10944K,   0% used [0x9b0a0000, 0x9b0a0000, 0x9b0a0200, 0x9bb50000)
 compacting perm gen  total 12288K, used 4310K [0xb0600000, 0xb1200000, 0xb4600000)
   the space 12288K,  35% used [0xb0600000, 0xb0a359d8, 0xb0a35a00, 0xb1200000)
No shared spaces configured.
Event: 1,518 GC heap after
Heap after GC invocations=1 (full 0):
 def new generation   total 4928K, used 512K [0x90600000, 0x90b50000, 0x9b0a0000)
  eden space 4416K,   0% used [0x90600000, 0x90600000, 0x90a50000)
  from space 512K, 100% used [0x90ad0000, 0x90b50000, 0x90b50000)
  to   space 512K,   0% used [0x90a50000, 0x90a50000, 0x90ad0000)
 tenured generation   total 10944K, used 540K [0x9b0a0000, 0x9bb50000, 0xb0600000)
   the space 10944K,   4% used [0x9b0a0000, 0x9b127020, 0x9b127200, 0x9bb50000)
 compacting perm gen  total 12288K, used 4310K [0xb0600000, 0xb1200000, 0xb4600000)
   the space 12288K,  35% used [0xb0600000, 0xb0a359d8, 0xb0a35a00, 0xb1200000)
No shared spaces configured.
}
Event: 2,004 GC heap before
{Heap before GC invocations=1 (full 0):
 def new generation   total 4928K, used 4928K [0x90600000, 0x90b50000, 0x9b0a0000)
  eden space 4416K, 100% used [0x90600000, 0x90a50000, 0x90a50000)
  from space 512K, 100% used [0x90ad0000, 0x90b50000, 0x90b50000)
  to   space 512K,   0% used [0x90a50000, 0x90a50000, 0x90ad0000)
 tenured generation   total 10944K, used 540K [0x9b0a0000, 0x9bb50000, 0xb0600000)
   the space 10944K,   4% used [0x9b0a0000, 0x9b127020, 0x9b127200, 0x9bb50000)
 compacting perm gen  total 12288K, used 5428K [0xb0600000, 0xb1200000, 0xb4600000)
   the space 12288K,  44% used [0xb0600000, 0xb0b4d338, 0xb0b4d400, 0xb1200000)
No shared spaces configured.
Event: 2,023 GC heap after
Heap after GC invocations=2 (full 0):
 def new generation   total 4928K, used 512K [0x90600000, 0x90b50000, 0x9b0a0000)
  eden space 4416K,   0% used [0x90600000, 0x90600000, 0x90a50000)
  from space 512K, 100% used [0x90a50000, 0x90ad0000, 0x90ad0000)
  to   space 512K,   0% used [0x90ad0000, 0x90ad0000, 0x90b50000)
 tenured generation   total 10944K, used 1520K [0x9b0a0000, 0x9bb50000, 0xb0600000)
   the space 10944K,  13% used [0x9b0a0000, 0x9b21c1f0, 0x9b21c200, 0x9bb50000)
 compacting perm gen  total 12288K, used 5428K [0xb0600000, 0xb1200000, 0xb4600000)
   the space 12288K,  44% used [0xb0600000, 0xb0b4d338, 0xb0b4d400, 0xb1200000)
No shared spaces configured.
}
Event: 2,274 GC heap before
{Heap before GC invocations=2 (full 0):
 def new generation   total 4928K, used 4928K [0x90600000, 0x90b50000, 0x9b0a0000)
  eden space 4416K, 100% used [0x90600000, 0x90a50000, 0x90a50000)
  from space 512K, 100% used [0x90a50000, 0x90ad0000, 0x90ad0000)
  to   space 512K,   0% used [0x90ad0000, 0x90ad0000, 0x90b50000)
 tenured generation   total 10944K, used 1520K [0x9b0a0000, 0x9bb50000, 0xb0600000)
   the space 10944K,  13% used [0x9b0a0000, 0x9b21c1f0, 0x9b21c200, 0x9bb50000)
 compacting perm gen  total 12288K, used 6627K [0xb0600000, 0xb1200000, 0xb4600000)
   the space 12288K,  53% used [0xb0600000, 0xb0c78f38, 0xb0c79000, 0xb1200000)
No shared spaces configured.
Event: 2,297 GC heap after
Heap after GC invocations=3 (full 0):
 def new generation   total 4928K, used 512K [0x90600000, 0x90b50000, 0x9b0a0000)
  eden space 4416K,   0% used [0x90600000, 0x90600000, 0x90a50000)
  from space 512K, 100% used [0x90ad0000, 0x90b50000, 0x90b50000)
  to   space 512K,   0% used [0x90a50000, 0x90a50000, 0x90ad0000)
 tenured generation   total 10944K, used 2226K [0x9b0a0000, 0x9bb50000, 0xb0600000)
   the space 10944K,  20% used [0x9b0a0000, 0x9b2cc830, 0x9b2cca00, 0x9bb50000)
 compacting perm gen  total 12288K, used 6627K [0xb0600000, 0xb1200000, 0xb4600000)
   the space 12288K,  53% used [0xb0600000, 0xb0c78f38, 0xb0c79000, 0xb1200000)
No shared spaces configured.
}

Deoptimization events (0 events):
No events

Internal exceptions (10 events):
Event: 2,551 Thread 0x8faaec00 Threw 0x907fe0f0 at /build/openjdk-7-ZMawwJ/openjdk-7-7u79-2.5.5/build/openjdk/hotspot/src/share/vm/prims/jvm.cpp:1284
Event: 2,551 Thread 0x8faaec00 Threw 0x907fe5f0 at /build/openjdk-7-ZMawwJ/openjdk-7-7u79-2.5.5/build/openjdk/hotspot/src/share/vm/prims/jvm.cpp:1284
Event: 2,557 Thread 0x8faaec00 Threw 0x90808070 at /build/openjdk-7-ZMawwJ/openjdk-7-7u79-2.5.5/build/openjdk/hotspot/src/share/vm/prims/jvm.cpp:1284
Event: 2,557 Thread 0x8faaec00 Threw 0x90808520 at /build/openjdk-7-ZMawwJ/openjdk-7-7u79-2.5.5/build/openjdk/hotspot/src/share/vm/prims/jvm.cpp:1284
Event: 2,569 Thread 0x8faaec00 Threw 0x908382e0 at /build/openjdk-7-ZMawwJ/openjdk-7-7u79-2.5.5/build/openjdk/hotspot/src/share/vm/prims/jvm.cpp:1284
Event: 2,569 Thread 0x8faaec00 Threw 0x90838830 at /build/openjdk-7-ZMawwJ/openjdk-7-7u79-2.5.5/build/openjdk/hotspot/src/share/vm/prims/jvm.cpp:1284
Event: 2,584 Thread 0x8faaec00 Threw 0x90841c78 at /build/openjdk-7-ZMawwJ/openjdk-7-7u79-2.5.5/build/openjdk/hotspot/src/share/vm/prims/jvm.cpp:1284
Event: 2,584 Thread 0x8faaec00 Threw 0x90842140 at /build/openjdk-7-ZMawwJ/openjdk-7-7u79-2.5.5/build/openjdk/hotspot/src/share/vm/prims/jvm.cpp:1284
Event: 2,589 Thread 0x8faaec00 Threw 0x90846e48 at /build/openjdk-7-ZMawwJ/openjdk-7-7u79-2.5.5/build/openjdk/hotspot/src/share/vm/prims/jvm.cpp:1284
Event: 2,590 Thread 0x8faaec00 Threw 0x908473d8 at /build/openjdk-7-ZMawwJ/openjdk-7-7u79-2.5.5/build/openjdk/hotspot/src/share/vm/prims/jvm.cpp:1284

Events (10 events):
Event: 2,550 loading class 0x0958ab58
Event: 2,550 loading class 0x0958ab58 done
Event: 2,557 loading class 0x8faa1418
Event: 2,557 loading class 0x8faa1418 done
Event: 2,569 loading class 0x8faa1498
Event: 2,569 loading class 0x8faa1498 done
Event: 2,584 loading class 0x8fafbb48
Event: 2,584 loading class 0x8fafbb48 done
Event: 2,589 loading class 0x09585200
Event: 2,589 loading class 0x09585200 done


Dynamic libraries:
08048000-08049000 r-xp 00000000 08:05 401311     /usr/lib/jvm/java-7-openjdk-i386/jre/bin/java
08049000-0804a000 r--p 00000000 08:05 401311     /usr/lib/jvm/java-7-openjdk-i386/jre/bin/java
0804a000-0804b000 rw-p 00001000 08:05 401311     /usr/lib/jvm/java-7-openjdk-i386/jre/bin/java
09478000-095c9000 rw-p 00000000 00:00 0          [heap]
8f300000-8f358000 rw-p 00000000 00:00 0 
8f358000-8f400000 ---p 00000000 00:00 0 
8f441000-8f444000 ---p 00000000 00:00 0 
8f444000-8f492000 rwxp 00000000 00:00 0          [stack:7777]
8f492000-8f653000 rw-p 00000000 00:00 0 
8f653000-8f6c2000 r-xp 00000000 08:05 234        /lib/i386-linux-gnu/libpcre.so.3.13.1
8f6c2000-8f6c3000 r--p 0006f000 08:05 234        /lib/i386-linux-gnu/libpcre.so.3.13.1
8f6c3000-8f6c4000 rw-p 00070000 08:05 234        /lib/i386-linux-gnu/libpcre.so.3.13.1
8f6c4000-8f7ea000 r-xp 00000000 08:05 156        /lib/i386-linux-gnu/libglib-2.0.so.0.4200.1
8f7ea000-8f7eb000 r--p 00125000 08:05 156        /lib/i386-linux-gnu/libglib-2.0.so.0.4200.1
8f7eb000-8f7ec000 rw-p 00126000 08:05 156        /lib/i386-linux-gnu/libglib-2.0.so.0.4200.1
8f7ec000-8f848000 r-xp 00000000 08:05 398732     /usr/lib/i386-linux-gnu/libgobject-2.0.so.0.4200.1
8f848000-8f849000 r--p 0005b000 08:05 398732     /usr/lib/i386-linux-gnu/libgobject-2.0.so.0.4200.1
8f849000-8f84a000 rw-p 0005c000 08:05 398732     /usr/lib/i386-linux-gnu/libgobject-2.0.so.0.4200.1
8f84a000-8f9fb000 r-xp 00000000 08:05 398685     /usr/lib/i386-linux-gnu/libgio-2.0.so.0.4200.1
8f9fb000-8f9fe000 r--p 001b0000 08:05 398685     /usr/lib/i386-linux-gnu/libgio-2.0.so.0.4200.1
8f9fe000-8f9ff000 rw-p 001b3000 08:05 398685     /usr/lib/i386-linux-gnu/libgio-2.0.so.0.4200.1
8f9ff000-8fa00000 rw-p 00000000 00:00 0 
8fa00000-8fb00000 rw-p 00000000 00:00 0 
8fb0c000-8fb12000 r-xp 00000000 08:05 398552     /usr/lib/i386-linux-gnu/libffi.so.6.0.2
8fb12000-8fb13000 r--p 00005000 08:05 398552     /usr/lib/i386-linux-gnu/libffi.so.6.0.2
8fb13000-8fb14000 rw-p 00006000 08:05 398552     /usr/lib/i386-linux-gnu/libffi.so.6.0.2
8fb14000-8fb39000 r-xp 00000000 08:05 257        /lib/i386-linux-gnu/libselinux.so.1
8fb39000-8fb3a000 r--p 00024000 08:05 257        /lib/i386-linux-gnu/libselinux.so.1
8fb3a000-8fb3b000 rw-p 00025000 08:05 257        /lib/i386-linux-gnu/libselinux.so.1
8fb3b000-8fb3c000 rw-p 00000000 00:00 0 
8fb4a000-8fb55000 r--s 00094000 08:06 657697     /home/nachomf/Descargas/Scala/eclipse/plugins/org.scala-lang.modules.scala-xml_1.0.3.jar
8fb55000-8fb6b000 r-xp 00000000 08:05 432451     /usr/lib/jvm/java-7-openjdk-i386/jre/lib/i386/libnet.so
8fb6b000-8fb6c000 r--p 00016000 08:05 432451     /usr/lib/jvm/java-7-openjdk-i386/jre/lib/i386/libnet.so
8fb6c000-8fb6d000 rw-p 00017000 08:05 432451     /usr/lib/jvm/java-7-openjdk-i386/jre/lib/i386/libnet.so
8fb6d000-8fbd3000 r--s 00675000 08:06 657818     /home/nachomf/wololos-1c-2015-tp-tadp-pokemon/scalatest_2.11-2.2.4.jar
8fbd3000-8fbd4000 ---p 00000000 00:00 0 
8fbd4000-8fca5000 rwxp 00000000 00:00 0          [stack:7774]
8fca5000-8fca6000 ---p 00000000 00:00 0 
8fca6000-8fd77000 rwxp 00000000 00:00 0          [stack:7772]
8fd77000-8ff00000 r--p 00000000 08:05 431749     /usr/lib/locale/locale-archive
8ff00000-8ff21000 rw-p 00000000 00:00 0 
8ff21000-90000000 ---p 00000000 00:00 0 
90000000-90013000 r-xp 00000000 08:05 93         /lib/i386-linux-gnu/i686/cmov/libresolv-2.19.so
90013000-90014000 r--p 00012000 08:05 93         /lib/i386-linux-gnu/i686/cmov/libresolv-2.19.so
90014000-90015000 rw-p 00013000 08:05 93         /lib/i386-linux-gnu/i686/cmov/libresolv-2.19.so
90015000-90017000 rw-p 00000000 00:00 0 
90017000-900b9000 rwxp 00000000 00:00 0          [stack:7770]
900b9000-900ba000 ---p 00000000 00:00 0 
900ba000-9013a000 rwxp 00000000 00:00 0          [stack:7769]
9013a000-90183000 rw-p 00000000 00:00 0 
90183000-90334000 r--s 01d27000 08:05 432475     /usr/lib/jvm/java-7-openjdk-i386/jre/lib/rt.jar
90334000-90380000 r--s 003f3000 08:06 657704     /home/nachomf/Descargas/Scala/eclipse/plugins/org.scala-lang.scala-reflect_2.11.6.v20150224-172222-092690e7bf.jar
90380000-903d9000 r--s 004f6000 08:06 657702     /home/nachomf/Descargas/Scala/eclipse/plugins/org.scala-lang.scala-library_2.11.6.v20150224-172222-092690e7bf.jar
903d9000-9043a000 rw-p 00000000 00:00 0 
9043a000-904df000 rw-p 00000000 00:00 0 
904df000-904e2000 rw-p 00000000 00:00 0 
904e2000-90534000 rw-p 00000000 00:00 0 
90534000-9053a000 rw-p 00000000 00:00 0 
9053a000-905df000 rw-p 00000000 00:00 0 
905df000-905e5000 rw-p 00000000 00:00 0 
905e5000-905ff000 rw-p 00000000 00:00 0 
905ff000-90b50000 rw-p 00000000 00:00 0 
90b50000-9b0a0000 rw-p 00000000 00:00 0 
9b0a0000-9bb50000 rw-p 00000000 00:00 0 
9bb50000-b0600000 rw-p 00000000 00:00 0 
b0600000-b1200000 rw-p 00000000 00:00 0 
b1200000-b4600000 rw-p 00000000 00:00 0 
b4601000-b4604000 r-xp 00000000 08:05 398710     /usr/lib/i386-linux-gnu/libgmodule-2.0.so.0.4200.1
b4604000-b4605000 r--p 00002000 08:05 398710     /usr/lib/i386-linux-gnu/libgmodule-2.0.so.0.4200.1
b4605000-b4606000 rw-p 00003000 08:05 398710     /usr/lib/i386-linux-gnu/libgmodule-2.0.so.0.4200.1
b4606000-b4610000 r--s 0007f000 08:06 657860     /home/nachomf/Descargas/Scala/eclipse/plugins/org.scala-ide.sdt.scalatest_2.9.3.v-4-2_11-201503120831-a29ebef.jar
b4610000-b4614000 r--s 00034000 08:05 432469     /usr/lib/jvm/java-7-openjdk-i386/jre/lib/ext/sunjce_provider.jar
b4614000-b461b000 rw-p 00000000 00:00 0 
b461b000-b4635000 rw-p 00000000 00:00 0 
b4635000-b4639000 rw-p 00000000 00:00 0 
b4639000-b46b5000 rw-p 00000000 00:00 0 
b46b5000-b47a5000 rwxp 00000000 00:00 0 
b47a5000-b66b5000 rw-p 00000000 00:00 0 
b66b5000-b66c0000 r-xp 00000000 08:05 82         /lib/i386-linux-gnu/i686/cmov/libnss_files-2.19.so
b66c0000-b66c1000 r--p 0000a000 08:05 82         /lib/i386-linux-gnu/i686/cmov/libnss_files-2.19.so
b66c1000-b66c2000 rw-p 0000b000 08:05 82         /lib/i386-linux-gnu/i686/cmov/libnss_files-2.19.so
b66c2000-b66cc000 r-xp 00000000 08:05 86         /lib/i386-linux-gnu/i686/cmov/libnss_nis-2.19.so
b66cc000-b66cd000 r--p 00009000 08:05 86         /lib/i386-linux-gnu/i686/cmov/libnss_nis-2.19.so
b66cd000-b66ce000 rw-p 0000a000 08:05 86         /lib/i386-linux-gnu/i686/cmov/libnss_nis-2.19.so
b66ce000-b66e3000 r-xp 00000000 08:05 76         /lib/i386-linux-gnu/i686/cmov/libnsl-2.19.so
b66e3000-b66e4000 r--p 00015000 08:05 76         /lib/i386-linux-gnu/i686/cmov/libnsl-2.19.so
b66e4000-b66e5000 rw-p 00016000 08:05 76         /lib/i386-linux-gnu/i686/cmov/libnsl-2.19.so
b66e5000-b66e7000 rw-p 00000000 00:00 0 
b66e8000-b66ea000 r--s 00006000 08:05 530882     /usr/share/java/java-atk-wrapper.jar
b66ea000-b66ee000 r--s 0003c000 08:05 432466     /usr/lib/jvm/java-7-openjdk-i386/jre/lib/ext/sunpkcs11.jar
b66ee000-b66f6000 r--s 0006c000 08:06 657699     /home/nachomf/Descargas/Scala/eclipse/plugins/org.scala-lang.scala-actors_2.11.6.v20150224-172222-092690e7bf.jar
b66f6000-b66fe000 r-xp 00000000 08:05 432458     /usr/lib/jvm/java-7-openjdk-i386/jre/lib/i386/libzip.so
b66fe000-b66ff000 r--p 00007000 08:05 432458     /usr/lib/jvm/java-7-openjdk-i386/jre/lib/i386/libzip.so
b66ff000-b6700000 rw-p 00008000 08:05 432458     /usr/lib/jvm/java-7-openjdk-i386/jre/lib/i386/libzip.so
b6700000-b67ff000 rw-p 00000000 00:00 0 
b67ff000-b6800000 ---p 00000000 00:00 0 
b6800000-b6801000 r--s 00002000 08:05 432467     /usr/lib/jvm/java-7-openjdk-i386/jre/lib/ext/dnsns.jar
b6801000-b6803000 r--s 00012000 08:05 432470     /usr/lib/jvm/java-7-openjdk-i386/jre/lib/ext/zipfs.jar
b6803000-b680b000 rw-s 00000000 08:05 438950     /tmp/hsperfdata_nachomf/7762
b680b000-b6812000 r-xp 00000000 08:05 78         /lib/i386-linux-gnu/i686/cmov/libnss_compat-2.19.so
b6812000-b6813000 r--p 00006000 08:05 78         /lib/i386-linux-gnu/i686/cmov/libnss_compat-2.19.so
b6813000-b6814000 rw-p 00007000 08:05 78         /lib/i386-linux-gnu/i686/cmov/libnss_compat-2.19.so
b6814000-b683a000 r-xp 00000000 08:05 432440     /usr/lib/jvm/java-7-openjdk-i386/jre/lib/i386/libjava.so
b683a000-b683b000 r--p 00025000 08:05 432440     /usr/lib/jvm/java-7-openjdk-i386/jre/lib/i386/libjava.so
b683b000-b683c000 rw-p 00026000 08:05 432440     /usr/lib/jvm/java-7-openjdk-i386/jre/lib/i386/libjava.so
b683c000-b6843000 r-xp 00000000 08:05 95         /lib/i386-linux-gnu/i686/cmov/librt-2.19.so
b6843000-b6844000 r--p 00006000 08:05 95         /lib/i386-linux-gnu/i686/cmov/librt-2.19.so
b6844000-b6845000 rw-p 00007000 08:05 95         /lib/i386-linux-gnu/i686/cmov/librt-2.19.so
b6845000-b6846000 rw-p 00000000 00:00 0 
b6846000-b6896000 rwxp 00000000 00:00 0          [stack:7765]
b6896000-b68b2000 r-xp 00000000 08:05 152        /lib/i386-linux-gnu/libgcc_s.so.1
b68b2000-b68b3000 rw-p 0001b000 08:05 152        /lib/i386-linux-gnu/libgcc_s.so.1
b68b3000-b68f7000 r-xp 00000000 08:05 73         /lib/i386-linux-gnu/i686/cmov/libm-2.19.so
b68f7000-b68f8000 r--p 00043000 08:05 73         /lib/i386-linux-gnu/i686/cmov/libm-2.19.so
b68f8000-b68f9000 rw-p 00044000 08:05 73         /lib/i386-linux-gnu/i686/cmov/libm-2.19.so
b68f9000-b69df000 r-xp 00000000 08:05 399444     /usr/lib/i386-linux-gnu/libstdc++.so.6.0.20
b69df000-b69e3000 r--p 000e6000 08:05 399444     /usr/lib/i386-linux-gnu/libstdc++.so.6.0.20
b69e3000-b69e4000 rw-p 000ea000 08:05 399444     /usr/lib/i386-linux-gnu/libstdc++.so.6.0.20
b69e4000-b69eb000 rw-p 00000000 00:00 0 
b69eb000-b70f3000 r-xp 00000000 08:05 432464     /usr/lib/jvm/java-7-openjdk-i386/jre/lib/i386/client/libjvm.so
b70f3000-b710b000 r--p 00707000 08:05 432464     /usr/lib/jvm/java-7-openjdk-i386/jre/lib/i386/client/libjvm.so
b710b000-b711a000 rw-p 0071f000 08:05 432464     /usr/lib/jvm/java-7-openjdk-i386/jre/lib/i386/client/libjvm.so
b711a000-b7536000 rw-p 00000000 00:00 0 
b7536000-b7550000 r-xp 00000000 08:05 290        /lib/i386-linux-gnu/libz.so.1.2.8
b7550000-b7552000 r--p 00019000 08:05 290        /lib/i386-linux-gnu/libz.so.1.2.8
b7552000-b7553000 rw-p 0001b000 08:05 290        /lib/i386-linux-gnu/libz.so.1.2.8
b7553000-b76f7000 r-xp 00000000 08:05 65         /lib/i386-linux-gnu/i686/cmov/libc-2.19.so
b76f7000-b76f9000 r--p 001a4000 08:05 65         /lib/i386-linux-gnu/i686/cmov/libc-2.19.so
b76f9000-b76fa000 rw-p 001a6000 08:05 65         /lib/i386-linux-gnu/i686/cmov/libc-2.19.so
b76fa000-b76fd000 rw-p 00000000 00:00 0 
b76fd000-b7700000 r-xp 00000000 08:05 71         /lib/i386-linux-gnu/i686/cmov/libdl-2.19.so
b7700000-b7701000 r--p 00002000 08:05 71         /lib/i386-linux-gnu/i686/cmov/libdl-2.19.so
b7701000-b7702000 rw-p 00003000 08:05 71         /lib/i386-linux-gnu/i686/cmov/libdl-2.19.so
b7702000-b770e000 r-xp 00000000 08:05 432462     /usr/lib/jvm/java-7-openjdk-i386/jre/lib/i386/jli/libjli.so
b770e000-b770f000 r--p 0000b000 08:05 432462     /usr/lib/jvm/java-7-openjdk-i386/jre/lib/i386/jli/libjli.so
b770f000-b7710000 rw-p 0000c000 08:05 432462     /usr/lib/jvm/java-7-openjdk-i386/jre/lib/i386/jli/libjli.so
b7710000-b7728000 r-xp 00000000 08:05 91         /lib/i386-linux-gnu/i686/cmov/libpthread-2.19.so
b7728000-b7729000 r--p 00017000 08:05 91         /lib/i386-linux-gnu/i686/cmov/libpthread-2.19.so
b7729000-b772a000 rw-p 00018000 08:05 91         /lib/i386-linux-gnu/i686/cmov/libpthread-2.19.so
b772a000-b772d000 rw-p 00000000 00:00 0 
b772d000-b7730000 r--s 0000f000 08:05 432471     /usr/lib/jvm/java-7-openjdk-i386/jre/lib/ext/icedtea-sound.jar
b7730000-b7733000 r--s 00086000 08:05 432468     /usr/lib/jvm/java-7-openjdk-i386/jre/lib/ext/localedata.jar
b7733000-b7734000 rw-p 00000000 00:00 0 
b7734000-b7735000 r--p 00000000 00:00 0 
b7735000-b7743000 r-xp 00000000 08:05 432457     /usr/lib/jvm/java-7-openjdk-i386/jre/lib/i386/libverify.so
b7743000-b7745000 r--p 0000d000 08:05 432457     /usr/lib/jvm/java-7-openjdk-i386/jre/lib/i386/libverify.so
b7745000-b7746000 rw-p 0000f000 08:05 432457     /usr/lib/jvm/java-7-openjdk-i386/jre/lib/i386/libverify.so
b7746000-b7748000 rw-p 00000000 00:00 0 
b7748000-b7749000 r-xp 00000000 00:00 0          [vdso]
b7749000-b774b000 r--p 00000000 00:00 0          [vvar]
b774b000-b776a000 r-xp 00000000 08:05 101        /lib/i386-linux-gnu/ld-2.19.so
b776a000-b776b000 r--p 0001f000 08:05 101        /lib/i386-linux-gnu/ld-2.19.so
b776b000-b776c000 rw-p 00020000 08:05 101        /lib/i386-linux-gnu/ld-2.19.so
bfd19000-bfd1a000 rwxp 00000000 00:00 0 
bfd4c000-bfd6c000 rwxp 00000000 00:00 0          [stack]
bfd6c000-bfd6d000 rw-p 00000000 00:00 0 

VM Arguments:
jvm_args: -Dfile.encoding=UTF-8 -Xbootclasspath/p:/home/nachomf/Descargas/Scala/eclipse/plugins/org.scala-lang.scala-library_2.11.6.v20150224-172222-092690e7bf.jar:/home/nachomf/Descargas/Scala/eclipse/plugins/org.scala-lang.scala-reflect_2.11.6.v20150224-172222-092690e7bf.jar:/home/nachomf/Descargas/Scala/eclipse/plugins/org.scala-lang.scala-actors_2.11.6.v20150224-172222-092690e7bf.jar 
java_command: scala.tools.eclipse.scalatest.launching.ScalaTestLauncher /tmp/st-launch8835021684839697510.classpath /tmp/st-launch4811735402289070646.args
Launcher Type: SUN_STANDARD

Environment Variables:
PATH=/usr/local/bin:/usr/bin:/bin:/usr/local/games:/usr/games
USERNAME=nachomf
LD_LIBRARY_PATH=/usr/lib/jvm/java-7-openjdk-i386/jre/lib/i386/client:/usr/lib/jvm/java-7-openjdk-i386/jre/lib/i386:
SHELL=/bin/bash
DISPLAY=:0

Signal Handlers:
SIGSEGV: [libjvm.so+0x4cfd40], sa_mask[0]=0x7ffbfeff, sa_flags=0x10000004
SIGBUS: [libjvm.so+0x4cfd40], sa_mask[0]=0x7ffbfeff, sa_flags=0x10000004
SIGFPE: [libjvm.so+0x3bdc80], sa_mask[0]=0x7ffbfeff, sa_flags=0x10000004
SIGPIPE: [libjvm.so+0x3bdc80], sa_mask[0]=0x7ffbfeff, sa_flags=0x10000004
SIGXFSZ: [libjvm.so+0x3bdc80], sa_mask[0]=0x7ffbfeff, sa_flags=0x10000004
SIGILL: [libjvm.so+0x3bdc80], sa_mask[0]=0x7ffbfeff, sa_flags=0x10000004
SIGUSR1: SIG_DFL, sa_mask[0]=0x00000000, sa_flags=0x00000000
SIGUSR2: [libjvm.so+0x3bdad0], sa_mask[0]=0x00000004, sa_flags=0x10000004
SIGHUP: [libjvm.so+0x3bdd30], sa_mask[0]=0x7ffbfeff, sa_flags=0x10000004
SIGINT: [libjvm.so+0x3bdd30], sa_mask[0]=0x7ffbfeff, sa_flags=0x10000004
SIGTERM: [libjvm.so+0x3bdd30], sa_mask[0]=0x7ffbfeff, sa_flags=0x10000004
SIGQUIT: [libjvm.so+0x3bdd30], sa_mask[0]=0x7ffbfeff, sa_flags=0x10000004
SIGTRAP: SIG_DFL, sa_mask[0]=0x00000000, sa_flags=0x00000000


---------------  S Y S T E M  ---------------

OS:8.0

uname:Linux 3.16.0-4-686-pae #1 SMP Debian 3.16.7-ckt9-3~deb8u1 (2015-04-24) i686
libc:glibc 2.19 NPTL 2.19 
rlimit: STACK 8192k, CORE 0k, NPROC 16001, NOFILE 65536, AS infinity
load average:0,78 0,84 4,26

/proc/meminfo:
MemTotal:        2069788 kB
MemFree:          456520 kB
MemAvailable:     800816 kB
Buffers:           32312 kB
Cached:           444640 kB
SwapCached:         2368 kB
Active:          1052724 kB
Inactive:         436528 kB
Active(anon):     732812 kB
Inactive(anon):   286172 kB
Active(file):     319912 kB
Inactive(file):   150356 kB
Unevictable:          24 kB
Mlocked:              24 kB
HighTotal:       1187400 kB
HighFree:         262980 kB
LowTotal:         882388 kB
LowFree:          193540 kB
SwapTotal:        975868 kB
SwapFree:         966780 kB
Dirty:               500 kB
Writeback:             0 kB
AnonPages:       1010240 kB
Mapped:           159072 kB
Shmem:              6684 kB
Slab:              41532 kB
SReclaimable:      28664 kB
SUnreclaim:        12868 kB
KernelStack:        2632 kB
PageTables:         6844 kB
NFS_Unstable:          0 kB
Bounce:                0 kB
WritebackTmp:          0 kB
CommitLimit:     2010760 kB
Committed_AS:    2817280 kB
VmallocTotal:     122880 kB
VmallocUsed:       61928 kB
VmallocChunk:      50156 kB
HardwareCorrupted:     0 kB
AnonHugePages:         0 kB
HugePages_Total:       0
HugePages_Free:        0
HugePages_Rsvd:        0
HugePages_Surp:        0
Hugepagesize:       2048 kB
DirectMap4k:       71672 kB
DirectMap2M:      835584 kB


CPU:total 1 (1 cores per cpu, 1 threads per core) family 6 model 23 stepping 10, cmov, cx8, fxsr, mmx, sse, sse2, sse3, ssse3, tsc

/proc/cpuinfo:
processor	: 0
vendor_id	: GenuineIntel
cpu family	: 6
model		: 23
model name	: Intel(R) Celeron(R) CPU          900  @ 2.20GHz
stepping	: 10
microcode	: 0xa07
cpu MHz		: 2199.421
cache size	: 1024 KB
physical id	: 0
siblings	: 1
core id		: 0
cpu cores	: 1
apicid		: 0
initial apicid	: 0
fdiv_bug	: no
f00f_bug	: no
coma_bug	: no
fpu		: yes
fpu_exception	: yes
cpuid level	: 13
wp		: yes
flags		: fpu vme de pse tsc msr pae mce cx8 sep mtrr pge mca cmov pat pse36 clflush dts acpi mmx fxsr sse sse2 ss tm pbe nx lm constant_tsc arch_perfmon pebs bts aperfmperf pni dtes64 monitor ds_cpl tm2 ssse3 cx16 xtpr pdcm xsave lahf_lm dtherm
bogomips	: 4398.84
clflush size	: 64
cache_alignment	: 64
address sizes	: 36 bits physical, 48 bits virtual
power management:



Memory: 4k page, physical 2069788k(456520k free), swap 975868k(966780k free)

vm_info: OpenJDK Client VM (24.79-b02) for linux-x86 JRE (1.7.0_79-b14), built on Apr 27 2015 11:16:50 by "buildd" with gcc 4.9.2

time: Fri Jun 12 22:23:11 2015
elapsed time: 2 seconds

