#
# A fatal error has been detected by the Java Runtime Environment:
#
#  SIGSEGV (0xb) at pc=0xb4773630, pid=7795, tid=3062369088
#
# JRE version: OpenJDK Runtime Environment (7.0_79-b14) (build 1.7.0_79-b14)
# Java VM: OpenJDK Client VM (24.79-b02 mixed mode linux-x86 )
# Derivative: IcedTea 2.5.5
# Distribution: Debian GNU/Linux 8.0 (jessie), package 7u79-2.5.5-1~deb8u1
# Problematic frame:
# J 173 C1 ar.wololo.pokemon.dominio.Pokemon.experienciaParaNivel(I)Ljava/lang/Integer; (60 bytes) @ 0xb4773630 [0xb4773620+0x10]
#
# Failed to write core dump. Core dumps have been disabled. To enable core dumping, try "ulimit -c unlimited" before starting Java again
#
# If you would like to submit a bug report, please include
# instructions on how to reproduce the bug and visit:
#   http://icedtea.classpath.org/bugzilla
#

---------------  T H R E A D  ---------------

Current thread (0xb6708000):  JavaThread "ScalaTest-main-running-ActividadesTest" [_thread_in_Java, id=7799, stack(0xb6830000,0xb6881000)]

siginfo:si_signo=SIGSEGV: si_errno=0, si_code=2 (SEGV_ACCERR), si_addr=0xb6830fec

Registers:
EAX=0xb0c91818, EBX=0xb0c91818, ECX=0x90a23f90, EDX=0x00000001
ESP=0xb6836fec, EBP=0xb6853188, ESI=0x90a23f90, EDI=0xb4773630
EIP=0xb4773630, EFLAGS=0x00010202, CR2=0xb6830fec

Top of Stack: (sp=0xb6836fec)
0xb6836fec:   b4773652 00000000 00000000 00000000
0xb6836ffc:   9b1555f8 00000000 00000000 00000000
0xb683700c:   9b1555f8 00000000 00000000 b6853204
0xb683701c:   b477367a 00000000 00000000 90a23f90
0xb683702c:   b0c91818 00000000 00000000 b6853188
0xb683703c:   b4773652 00000000 00000000 00000000
0xb683704c:   9b1555f8 00000000 00000000 00000000
0xb683705c:   9b1555f8 00000000 00000000 b6853204 

Instructions: (pc=0xb4773630)
0xb4773610:   05 70 0b 68 01 f8 32 ff 06 90 05 68 00 00 00 00
0xb4773620:   90 90 90 90 90 90 90 3b 41 04 0f 85 60 fa f5 ff
0xb4773630:   89 84 24 00 a0 ff ff 55 83 ec 48 83 fa 00 0f 84
0xb4773640:   2c 00 00 00 4a 8b f1 8b ce 89 74 24 38 e8 de ff 

Register to memory mapping:

EAX=0xb0c91818 is an oop
{method} 
 - klass: {other class}
EBX=0xb0c91818 is an oop
{method} 
 - klass: {other class}
ECX=
[error occurred during error reporting (printing register info), id 0xb]

Stack: [0xb6830000,0xb6881000],  sp=0xb6836fec,  free space=27k
Native frames: (J=compiled Java code, j=interpreted, Vv=VM code, C=native code)
J 173 C1 ar.wololo.pokemon.dominio.Pokemon.experienciaParaNivel(I)Ljava/lang/Integer; (60 bytes) @ 0xb4773630 [0xb4773620+0x10]
C  0xb6853188

[error occurred during error reporting (printing native stack), id 0xb]


---------------  P R O C E S S  ---------------

Java Threads: ( => current thread )
  0x8fa9e800 JavaThread "ScalaTest-dispatcher" [_thread_blocked, id=7810, stack(0x8f42a000,0x8f47b000)]
  0xb679b800 JavaThread "Service Thread" daemon [_thread_blocked, id=7808, stack(0x8fc54000,0x8fca5000)]
  0xb6799800 JavaThread "C1 CompilerThread0" daemon [_thread_blocked, id=7807, stack(0x8fca5000,0x8fd26000)]
  0xb6798000 JavaThread "Signal Dispatcher" daemon [_thread_blocked, id=7806, stack(0x8fd26000,0x8fd77000)]
  0xb6785400 JavaThread "Finalizer" daemon [_thread_blocked, id=7804, stack(0x9000f000,0x90060000)]
  0xb6783c00 JavaThread "Reference Handler" daemon [_thread_blocked, id=7803, stack(0x90060000,0x900b1000)]
=>0xb6708000 JavaThread "ScalaTest-main-running-ActividadesTest" [_thread_in_Java, id=7799, stack(0xb6830000,0xb6881000)]

Other Threads:
  0xb6781400 VMThread [stack: 0x900b1000,0x90132000] [id=7802]
  0xb679e000 WatcherThread [stack: 0x8fbd3000,0x8fc54000] [id=7809]

VM state:not at safepoint (normal execution)

VM Mutex/Monitor currently owned by a thread: None

Heap
 def new generation   total 4928K, used 4820K [0x90600000, 0x90b50000, 0x9b0a0000)
  eden space 4416K,  97% used [0x90600000, 0x90a35328, 0x90a50000)
  from space 512K,  99% used [0x90ad0000, 0x90b4fff8, 0x90b50000)
  to   space 512K,   0% used [0x90a50000, 0x90a50000, 0x90ad0000)
 tenured generation   total 10944K, used 2227K [0x9b0a0000, 0x9bb50000, 0xb0600000)
   the space 10944K,  20% used [0x9b0a0000, 0x9b2ccc68, 0x9b2cce00, 0x9bb50000)
 compacting perm gen  total 12288K, used 6878K [0xb0600000, 0xb1200000, 0xb4600000)
   the space 12288K,  55% used [0xb0600000, 0xb0cb7b98, 0xb0cb7c00, 0xb1200000)
No shared spaces configured.

Card table byte_map: [0x904df000,0x90600000] byte_map_base: 0x9005c000

Polling page: 0xb771f000

Code Cache  [0xb46a6000, 0xb4796000, 0xb66a6000)
 total_blobs=484 nmethods=321 adapters=100 free_code_cache=31836Kb largest_free_block=32600704

Compilation events (10 events):
Event: 1,695 Thread 0xb6799800  317             ar.wololo.pokemon.dominio.Pokemon::copy$default$12 (5 bytes)
Event: 1,695 Thread 0xb6799800 nmethod 317 0xb478d708 code [0xb478d800, 0xb478d880]
Event: 1,695 Thread 0xb6799800  318             ar.wololo.pokemon.dominio.Pokemon::copy$default$8 (5 bytes)
Event: 1,695 Thread 0xb6799800 nmethod 318 0xb478d8c8 code [0xb478d9c0, 0xb478da40]
Event: 1,695 Thread 0xb6799800  319             ar.wololo.pokemon.dominio.Pokemon::copy$default$1 (5 bytes)
Event: 1,701 Thread 0xb6799800 nmethod 319 0xb478da88 code [0xb478db80, 0xb478dc00]
Event: 1,701 Thread 0xb6799800  320             ar.wololo.pokemon.dominio.Pokemon::aumentaExperiencia (258 bytes)
Event: 1,708 Thread 0xb6799800 nmethod 320 0xb478dc48 code [0xb478ddd0, 0xb478e1bc]
Event: 1,708 Thread 0xb6799800  321             ar.wololo.pokemon.dominio.Pokemon::subirDeNivel (173 bytes)
Event: 1,709 Thread 0xb6799800 nmethod 321 0xb478e748 code [0xb478e870, 0xb478eb40]

GC Heap History (6 events):
Event: 0,696 GC heap before
{Heap before GC invocations=0 (full 0):
 def new generation   total 4928K, used 4413K [0x90600000, 0x90b50000, 0x9b0a0000)
  eden space 4416K,  99% used [0x90600000, 0x90a4f788, 0x90a50000)
  from space 512K,   0% used [0x90a50000, 0x90a50000, 0x90ad0000)
  to   space 512K,   0% used [0x90ad0000, 0x90ad0000, 0x90b50000)
 tenured generation   total 10944K, used 0K [0x9b0a0000, 0x9bb50000, 0xb0600000)
   the space 10944K,   0% used [0x9b0a0000, 0x9b0a0000, 0x9b0a0200, 0x9bb50000)
 compacting perm gen  total 12288K, used 4310K [0xb0600000, 0xb1200000, 0xb4600000)
   the space 12288K,  35% used [0xb0600000, 0xb0a359d8, 0xb0a35a00, 0xb1200000)
No shared spaces configured.
Event: 0,703 GC heap after
Heap after GC invocations=1 (full 0):
 def new generation   total 4928K, used 512K [0x90600000, 0x90b50000, 0x9b0a0000)
  eden space 4416K,   0% used [0x90600000, 0x90600000, 0x90a50000)
  from space 512K, 100% used [0x90ad0000, 0x90b50000, 0x90b50000)
  to   space 512K,   0% used [0x90a50000, 0x90a50000, 0x90ad0000)
 tenured generation   total 10944K, used 540K [0x9b0a0000, 0x9bb50000, 0xb0600000)
   the space 10944K,   4% used [0x9b0a0000, 0x9b127018, 0x9b127200, 0x9bb50000)
 compacting perm gen  total 12288K, used 4310K [0xb0600000, 0xb1200000, 0xb4600000)
   the space 12288K,  35% used [0xb0600000, 0xb0a359d8, 0xb0a35a00, 0xb1200000)
No shared spaces configured.
}
Event: 0,982 GC heap before
{Heap before GC invocations=1 (full 0):
 def new generation   total 4928K, used 4928K [0x90600000, 0x90b50000, 0x9b0a0000)
  eden space 4416K, 100% used [0x90600000, 0x90a50000, 0x90a50000)
  from space 512K, 100% used [0x90ad0000, 0x90b50000, 0x90b50000)
  to   space 512K,   0% used [0x90a50000, 0x90a50000, 0x90ad0000)
 tenured generation   total 10944K, used 540K [0x9b0a0000, 0x9bb50000, 0xb0600000)
   the space 10944K,   4% used [0x9b0a0000, 0x9b127018, 0x9b127200, 0x9bb50000)
 compacting perm gen  total 12288K, used 5428K [0xb0600000, 0xb1200000, 0xb4600000)
   the space 12288K,  44% used [0xb0600000, 0xb0b4d338, 0xb0b4d400, 0xb1200000)
No shared spaces configured.
Event: 0,991 GC heap after
Heap after GC invocations=2 (full 0):
 def new generation   total 4928K, used 512K [0x90600000, 0x90b50000, 0x9b0a0000)
  eden space 4416K,   0% used [0x90600000, 0x90600000, 0x90a50000)
  from space 512K, 100% used [0x90a50000, 0x90ad0000, 0x90ad0000)
  to   space 512K,   0% used [0x90ad0000, 0x90ad0000, 0x90b50000)
 tenured generation   total 10944K, used 1519K [0x9b0a0000, 0x9bb50000, 0xb0600000)
   the space 10944K,  13% used [0x9b0a0000, 0x9b21be50, 0x9b21c000, 0x9bb50000)
 compacting perm gen  total 12288K, used 5428K [0xb0600000, 0xb1200000, 0xb4600000)
   the space 12288K,  44% used [0xb0600000, 0xb0b4d338, 0xb0b4d400, 0xb1200000)
No shared spaces configured.
}
Event: 1,229 GC heap before
{Heap before GC invocations=2 (full 0):
 def new generation   total 4928K, used 4928K [0x90600000, 0x90b50000, 0x9b0a0000)
  eden space 4416K, 100% used [0x90600000, 0x90a50000, 0x90a50000)
  from space 512K, 100% used [0x90a50000, 0x90ad0000, 0x90ad0000)
  to   space 512K,   0% used [0x90ad0000, 0x90ad0000, 0x90b50000)
 tenured generation   total 10944K, used 1519K [0x9b0a0000, 0x9bb50000, 0xb0600000)
   the space 10944K,  13% used [0x9b0a0000, 0x9b21be50, 0x9b21c000, 0x9bb50000)
 compacting perm gen  total 12288K, used 6627K [0xb0600000, 0xb1200000, 0xb4600000)
   the space 12288K,  53% used [0xb0600000, 0xb0c78f10, 0xb0c79000, 0xb1200000)
No shared spaces configured.
Event: 1,240 GC heap after
Heap after GC invocations=3 (full 0):
 def new generation   total 4928K, used 511K [0x90600000, 0x90b50000, 0x9b0a0000)
  eden space 4416K,   0% used [0x90600000, 0x90600000, 0x90a50000)
  from space 512K,  99% used [0x90ad0000, 0x90b4fff8, 0x90b50000)
  to   space 512K,   0% used [0x90a50000, 0x90a50000, 0x90ad0000)
 tenured generation   total 10944K, used 2227K [0x9b0a0000, 0x9bb50000, 0xb0600000)
   the space 10944K,  20% used [0x9b0a0000, 0x9b2ccc68, 0x9b2cce00, 0x9bb50000)
 compacting perm gen  total 12288K, used 6627K [0xb0600000, 0xb1200000, 0xb4600000)
   the space 12288K,  53% used [0xb0600000, 0xb0c78f10, 0xb0c79000, 0xb1200000)
No shared spaces configured.
}

Deoptimization events (0 events):
No events

Internal exceptions (10 events):
Event: 1,511 Thread 0x8fa9e800 Threw 0x907fb678 at /build/openjdk-7-ZMawwJ/openjdk-7-7u79-2.5.5/build/openjdk/hotspot/src/share/vm/prims/jvm.cpp:1284
Event: 1,511 Thread 0x8fa9e800 Threw 0x907fbb78 at /build/openjdk-7-ZMawwJ/openjdk-7-7u79-2.5.5/build/openjdk/hotspot/src/share/vm/prims/jvm.cpp:1284
Event: 1,513 Thread 0x8fa9e800 Threw 0x908055c8 at /build/openjdk-7-ZMawwJ/openjdk-7-7u79-2.5.5/build/openjdk/hotspot/src/share/vm/prims/jvm.cpp:1284
Event: 1,513 Thread 0x8fa9e800 Threw 0x90805a78 at /build/openjdk-7-ZMawwJ/openjdk-7-7u79-2.5.5/build/openjdk/hotspot/src/share/vm/prims/jvm.cpp:1284
Event: 1,526 Thread 0x8fa9e800 Threw 0x90847df8 at /build/openjdk-7-ZMawwJ/openjdk-7-7u79-2.5.5/build/openjdk/hotspot/src/share/vm/prims/jvm.cpp:1284
Event: 1,526 Thread 0x8fa9e800 Threw 0x90848348 at /build/openjdk-7-ZMawwJ/openjdk-7-7u79-2.5.5/build/openjdk/hotspot/src/share/vm/prims/jvm.cpp:1284
Event: 1,534 Thread 0x8fa9e800 Threw 0x9084e748 at /build/openjdk-7-ZMawwJ/openjdk-7-7u79-2.5.5/build/openjdk/hotspot/src/share/vm/prims/jvm.cpp:1284
Event: 1,534 Thread 0x8fa9e800 Threw 0x9084ec10 at /build/openjdk-7-ZMawwJ/openjdk-7-7u79-2.5.5/build/openjdk/hotspot/src/share/vm/prims/jvm.cpp:1284
Event: 1,534 Thread 0x8fa9e800 Threw 0x90853920 at /build/openjdk-7-ZMawwJ/openjdk-7-7u79-2.5.5/build/openjdk/hotspot/src/share/vm/prims/jvm.cpp:1284
Event: 1,534 Thread 0x8fa9e800 Threw 0x90853eb0 at /build/openjdk-7-ZMawwJ/openjdk-7-7u79-2.5.5/build/openjdk/hotspot/src/share/vm/prims/jvm.cpp:1284

Events (10 events):
Event: 1,511 loading class 0x08d50b70
Event: 1,511 loading class 0x08d50b70 done
Event: 1,513 loading class 0x8fa3caf8
Event: 1,513 loading class 0x8fa3caf8 done
Event: 1,525 loading class 0x8fa3cb78
Event: 1,526 loading class 0x8fa3cb78 done
Event: 1,533 loading class 0x8f302f80
Event: 1,533 loading class 0x8f302f80 done
Event: 1,534 loading class 0x08d545f0
Event: 1,534 loading class 0x08d545f0 done


Dynamic libraries:
08048000-08049000 r-xp 00000000 08:05 401311     /usr/lib/jvm/java-7-openjdk-i386/jre/bin/java
08049000-0804a000 r--p 00000000 08:05 401311     /usr/lib/jvm/java-7-openjdk-i386/jre/bin/java
0804a000-0804b000 rw-p 00001000 08:05 401311     /usr/lib/jvm/java-7-openjdk-i386/jre/bin/java
08c2e000-08d9c000 rw-p 00000000 00:00 0          [heap]
8f300000-8f34c000 rw-p 00000000 00:00 0 
8f34c000-8f400000 ---p 00000000 00:00 0 
8f42a000-8f42d000 ---p 00000000 00:00 0 
8f42d000-8f47b000 rwxp 00000000 00:00 0          [stack:7810]
8f47b000-8f63c000 rw-p 00000000 00:00 0 
8f63c000-8f6ab000 r-xp 00000000 08:05 234        /lib/i386-linux-gnu/libpcre.so.3.13.1
8f6ab000-8f6ac000 r--p 0006f000 08:05 234        /lib/i386-linux-gnu/libpcre.so.3.13.1
8f6ac000-8f6ad000 rw-p 00070000 08:05 234        /lib/i386-linux-gnu/libpcre.so.3.13.1
8f6ad000-8f6c0000 r-xp 00000000 08:05 93         /lib/i386-linux-gnu/i686/cmov/libresolv-2.19.so
8f6c0000-8f6c1000 r--p 00012000 08:05 93         /lib/i386-linux-gnu/i686/cmov/libresolv-2.19.so
8f6c1000-8f6c2000 rw-p 00013000 08:05 93         /lib/i386-linux-gnu/i686/cmov/libresolv-2.19.so
8f6c2000-8f6c4000 rw-p 00000000 00:00 0 
8f6c4000-8f7ea000 r-xp 00000000 08:05 156        /lib/i386-linux-gnu/libglib-2.0.so.0.4200.1
8f7ea000-8f7eb000 r--p 00125000 08:05 156        /lib/i386-linux-gnu/libglib-2.0.so.0.4200.1
8f7eb000-8f7ec000 rw-p 00126000 08:05 156        /lib/i386-linux-gnu/libglib-2.0.so.0.4200.1
8f7ec000-8f848000 r-xp 00000000 08:05 398732     /usr/lib/i386-linux-gnu/libgobject-2.0.so.0.4200.1
8f848000-8f849000 r--p 0005b000 08:05 398732     /usr/lib/i386-linux-gnu/libgobject-2.0.so.0.4200.1
8f849000-8f84a000 rw-p 0005c000 08:05 398732     /usr/lib/i386-linux-gnu/libgobject-2.0.so.0.4200.1
8f84a000-8f9fb000 r-xp 00000000 08:05 398685     /usr/lib/i386-linux-gnu/libgio-2.0.so.0.4200.1
8f9fb000-8f9fe000 r--p 001b0000 08:05 398685     /usr/lib/i386-linux-gnu/libgio-2.0.so.0.4200.1
8f9fe000-8f9ff000 rw-p 001b3000 08:05 398685     /usr/lib/i386-linux-gnu/libgio-2.0.so.0.4200.1
8f9ff000-8fa00000 rw-p 00000000 00:00 0 
8fa00000-8fafd000 rw-p 00000000 00:00 0 
8fafd000-8fb00000 ---p 00000000 00:00 0 
8fb0c000-8fb12000 r-xp 00000000 08:05 398552     /usr/lib/i386-linux-gnu/libffi.so.6.0.2
8fb12000-8fb13000 r--p 00005000 08:05 398552     /usr/lib/i386-linux-gnu/libffi.so.6.0.2
8fb13000-8fb14000 rw-p 00006000 08:05 398552     /usr/lib/i386-linux-gnu/libffi.so.6.0.2
8fb14000-8fb39000 r-xp 00000000 08:05 257        /lib/i386-linux-gnu/libselinux.so.1
8fb39000-8fb3a000 r--p 00024000 08:05 257        /lib/i386-linux-gnu/libselinux.so.1
8fb3a000-8fb3b000 rw-p 00025000 08:05 257        /lib/i386-linux-gnu/libselinux.so.1
8fb3b000-8fb3c000 rw-p 00000000 00:00 0 
8fb4a000-8fb55000 r--s 00094000 08:06 657697     /home/nachomf/Descargas/Scala/eclipse/plugins/org.scala-lang.modules.scala-xml_1.0.3.jar
8fb55000-8fb6b000 r-xp 00000000 08:05 432451     /usr/lib/jvm/java-7-openjdk-i386/jre/lib/i386/libnet.so
8fb6b000-8fb6c000 r--p 00016000 08:05 432451     /usr/lib/jvm/java-7-openjdk-i386/jre/lib/i386/libnet.so
8fb6c000-8fb6d000 rw-p 00017000 08:05 432451     /usr/lib/jvm/java-7-openjdk-i386/jre/lib/i386/libnet.so
8fb6d000-8fbd3000 r--s 00675000 08:06 657818     /home/nachomf/wololos-1c-2015-tp-tadp-pokemon/scalatest_2.11-2.2.4.jar
8fbd3000-8fbd4000 ---p 00000000 00:00 0 
8fbd4000-8fca5000 rwxp 00000000 00:00 0          [stack:7808]
8fca5000-8fca6000 ---p 00000000 00:00 0 
8fca6000-8fd77000 rwxp 00000000 00:00 0          [stack:7806]
8fd77000-8ff00000 r--p 00000000 08:05 431749     /usr/lib/locale/locale-archive
8ff00000-8ff21000 rw-p 00000000 00:00 0 
8ff21000-90000000 ---p 00000000 00:00 0 
90000000-90003000 r-xp 00000000 08:05 398710     /usr/lib/i386-linux-gnu/libgmodule-2.0.so.0.4200.1
90003000-90004000 r--p 00002000 08:05 398710     /usr/lib/i386-linux-gnu/libgmodule-2.0.so.0.4200.1
90004000-90005000 rw-p 00003000 08:05 398710     /usr/lib/i386-linux-gnu/libgmodule-2.0.so.0.4200.1
90005000-9000f000 r--s 0007f000 08:06 657860     /home/nachomf/Descargas/Scala/eclipse/plugins/org.scala-ide.sdt.scalatest_2.9.3.v-4-2_11-201503120831-a29ebef.jar
9000f000-900b1000 rwxp 00000000 00:00 0          [stack:7803]
900b1000-900b2000 ---p 00000000 00:00 0 
900b2000-90132000 rwxp 00000000 00:00 0          [stack:7802]
90132000-9017b000 rw-p 00000000 00:00 0 
9017b000-9032c000 r--s 01d27000 08:05 432475     /usr/lib/jvm/java-7-openjdk-i386/jre/lib/rt.jar
9032c000-90334000 r--s 0006c000 08:06 657699     /home/nachomf/Descargas/Scala/eclipse/plugins/org.scala-lang.scala-actors_2.11.6.v20150224-172222-092690e7bf.jar
90334000-90380000 r--s 003f3000 08:06 657704     /home/nachomf/Descargas/Scala/eclipse/plugins/org.scala-lang.scala-reflect_2.11.6.v20150224-172222-092690e7bf.jar
90380000-903d9000 r--s 004f6000 08:06 657702     /home/nachomf/Descargas/Scala/eclipse/plugins/org.scala-lang.scala-library_2.11.6.v20150224-172222-092690e7bf.jar
903d9000-9043a000 rw-p 00000000 00:00 0 
9043a000-904df000 rw-p 00000000 00:00 0 
904df000-904e2000 rw-p 00000000 00:00 0 
904e2000-90534000 rw-p 00000000 00:00 0 
90534000-9053a000 rw-p 00000000 00:00 0 
9053a000-905df000 rw-p 00000000 00:00 0 
905df000-905e5000 rw-p 00000000 00:00 0 
905e5000-905ff000 rw-p 00000000 00:00 0 
905ff000-90b50000 rw-p 00000000 00:00 0 
90b50000-9b0a0000 rw-p 00000000 00:00 0 
9b0a0000-9bb50000 rw-p 00000000 00:00 0 
9bb50000-b0600000 rw-p 00000000 00:00 0 
b0600000-b1200000 rw-p 00000000 00:00 0 
b1200000-b4600000 rw-p 00000000 00:00 0 
b4603000-b4605000 r--s 00006000 08:05 530882     /usr/share/java/java-atk-wrapper.jar
b4605000-b460c000 rw-p 00000000 00:00 0 
b460c000-b4626000 rw-p 00000000 00:00 0 
b4626000-b462a000 rw-p 00000000 00:00 0 
b462a000-b46a6000 rw-p 00000000 00:00 0 
b46a6000-b4796000 rwxp 00000000 00:00 0 
b4796000-b66a6000 rw-p 00000000 00:00 0 
b66a6000-b66b1000 r-xp 00000000 08:05 82         /lib/i386-linux-gnu/i686/cmov/libnss_files-2.19.so
b66b1000-b66b2000 r--p 0000a000 08:05 82         /lib/i386-linux-gnu/i686/cmov/libnss_files-2.19.so
b66b2000-b66b3000 rw-p 0000b000 08:05 82         /lib/i386-linux-gnu/i686/cmov/libnss_files-2.19.so
b66b3000-b66bd000 r-xp 00000000 08:05 86         /lib/i386-linux-gnu/i686/cmov/libnss_nis-2.19.so
b66bd000-b66be000 r--p 00009000 08:05 86         /lib/i386-linux-gnu/i686/cmov/libnss_nis-2.19.so
b66be000-b66bf000 rw-p 0000a000 08:05 86         /lib/i386-linux-gnu/i686/cmov/libnss_nis-2.19.so
b66bf000-b66d4000 r-xp 00000000 08:05 76         /lib/i386-linux-gnu/i686/cmov/libnsl-2.19.so
b66d4000-b66d5000 r--p 00015000 08:05 76         /lib/i386-linux-gnu/i686/cmov/libnsl-2.19.so
b66d5000-b66d6000 rw-p 00016000 08:05 76         /lib/i386-linux-gnu/i686/cmov/libnsl-2.19.so
b66d6000-b66d8000 rw-p 00000000 00:00 0 
b66d8000-b66fe000 r-xp 00000000 08:05 432440     /usr/lib/jvm/java-7-openjdk-i386/jre/lib/i386/libjava.so
b66fe000-b66ff000 r--p 00025000 08:05 432440     /usr/lib/jvm/java-7-openjdk-i386/jre/lib/i386/libjava.so
b66ff000-b6700000 rw-p 00026000 08:05 432440     /usr/lib/jvm/java-7-openjdk-i386/jre/lib/i386/libjava.so
b6700000-b67ff000 rw-p 00000000 00:00 0 
b67ff000-b6800000 ---p 00000000 00:00 0 
b6801000-b6805000 r--s 00034000 08:05 432469     /usr/lib/jvm/java-7-openjdk-i386/jre/lib/ext/sunjce_provider.jar
b6805000-b680c000 r-xp 00000000 08:05 78         /lib/i386-linux-gnu/i686/cmov/libnss_compat-2.19.so
b680c000-b680d000 r--p 00006000 08:05 78         /lib/i386-linux-gnu/i686/cmov/libnss_compat-2.19.so
b680d000-b680e000 rw-p 00007000 08:05 78         /lib/i386-linux-gnu/i686/cmov/libnss_compat-2.19.so
b680e000-b680f000 r--s 00002000 08:05 432467     /usr/lib/jvm/java-7-openjdk-i386/jre/lib/ext/dnsns.jar
b680f000-b6813000 r--s 0003c000 08:05 432466     /usr/lib/jvm/java-7-openjdk-i386/jre/lib/ext/sunpkcs11.jar
b6813000-b6815000 r--s 00012000 08:05 432470     /usr/lib/jvm/java-7-openjdk-i386/jre/lib/ext/zipfs.jar
b6815000-b681d000 r-xp 00000000 08:05 432458     /usr/lib/jvm/java-7-openjdk-i386/jre/lib/i386/libzip.so
b681d000-b681e000 r--p 00007000 08:05 432458     /usr/lib/jvm/java-7-openjdk-i386/jre/lib/i386/libzip.so
b681e000-b681f000 rw-p 00008000 08:05 432458     /usr/lib/jvm/java-7-openjdk-i386/jre/lib/i386/libzip.so
b681f000-b6827000 rw-s 00000000 08:05 438952     /tmp/hsperfdata_nachomf/7795
b6827000-b682e000 r-xp 00000000 08:05 95         /lib/i386-linux-gnu/i686/cmov/librt-2.19.so
b682e000-b682f000 r--p 00006000 08:05 95         /lib/i386-linux-gnu/i686/cmov/librt-2.19.so
b682f000-b6830000 rw-p 00007000 08:05 95         /lib/i386-linux-gnu/i686/cmov/librt-2.19.so
b6830000-b6831000 rw-p 00000000 00:00 0 
b6831000-b6881000 rwxp 00000000 00:00 0          [stack:7799]
b6881000-b689d000 r-xp 00000000 08:05 152        /lib/i386-linux-gnu/libgcc_s.so.1
b689d000-b689e000 rw-p 0001b000 08:05 152        /lib/i386-linux-gnu/libgcc_s.so.1
b689e000-b68e2000 r-xp 00000000 08:05 73         /lib/i386-linux-gnu/i686/cmov/libm-2.19.so
b68e2000-b68e3000 r--p 00043000 08:05 73         /lib/i386-linux-gnu/i686/cmov/libm-2.19.so
b68e3000-b68e4000 rw-p 00044000 08:05 73         /lib/i386-linux-gnu/i686/cmov/libm-2.19.so
b68e4000-b69ca000 r-xp 00000000 08:05 399444     /usr/lib/i386-linux-gnu/libstdc++.so.6.0.20
b69ca000-b69ce000 r--p 000e6000 08:05 399444     /usr/lib/i386-linux-gnu/libstdc++.so.6.0.20
b69ce000-b69cf000 rw-p 000ea000 08:05 399444     /usr/lib/i386-linux-gnu/libstdc++.so.6.0.20
b69cf000-b69d6000 rw-p 00000000 00:00 0 
b69d6000-b70de000 r-xp 00000000 08:05 432464     /usr/lib/jvm/java-7-openjdk-i386/jre/lib/i386/client/libjvm.so
b70de000-b70f6000 r--p 00707000 08:05 432464     /usr/lib/jvm/java-7-openjdk-i386/jre/lib/i386/client/libjvm.so
b70f6000-b7105000 rw-p 0071f000 08:05 432464     /usr/lib/jvm/java-7-openjdk-i386/jre/lib/i386/client/libjvm.so
b7105000-b7521000 rw-p 00000000 00:00 0 
b7521000-b753b000 r-xp 00000000 08:05 290        /lib/i386-linux-gnu/libz.so.1.2.8
b753b000-b753d000 r--p 00019000 08:05 290        /lib/i386-linux-gnu/libz.so.1.2.8
b753d000-b753e000 rw-p 0001b000 08:05 290        /lib/i386-linux-gnu/libz.so.1.2.8
b753e000-b76e2000 r-xp 00000000 08:05 65         /lib/i386-linux-gnu/i686/cmov/libc-2.19.so
b76e2000-b76e4000 r--p 001a4000 08:05 65         /lib/i386-linux-gnu/i686/cmov/libc-2.19.so
b76e4000-b76e5000 rw-p 001a6000 08:05 65         /lib/i386-linux-gnu/i686/cmov/libc-2.19.so
b76e5000-b76e8000 rw-p 00000000 00:00 0 
b76e8000-b76eb000 r-xp 00000000 08:05 71         /lib/i386-linux-gnu/i686/cmov/libdl-2.19.so
b76eb000-b76ec000 r--p 00002000 08:05 71         /lib/i386-linux-gnu/i686/cmov/libdl-2.19.so
b76ec000-b76ed000 rw-p 00003000 08:05 71         /lib/i386-linux-gnu/i686/cmov/libdl-2.19.so
b76ed000-b76f9000 r-xp 00000000 08:05 432462     /usr/lib/jvm/java-7-openjdk-i386/jre/lib/i386/jli/libjli.so
b76f9000-b76fa000 r--p 0000b000 08:05 432462     /usr/lib/jvm/java-7-openjdk-i386/jre/lib/i386/jli/libjli.so
b76fa000-b76fb000 rw-p 0000c000 08:05 432462     /usr/lib/jvm/java-7-openjdk-i386/jre/lib/i386/jli/libjli.so
b76fb000-b7713000 r-xp 00000000 08:05 91         /lib/i386-linux-gnu/i686/cmov/libpthread-2.19.so
b7713000-b7714000 r--p 00017000 08:05 91         /lib/i386-linux-gnu/i686/cmov/libpthread-2.19.so
b7714000-b7715000 rw-p 00018000 08:05 91         /lib/i386-linux-gnu/i686/cmov/libpthread-2.19.so
b7715000-b7718000 rw-p 00000000 00:00 0 
b7718000-b771b000 r--s 0000f000 08:05 432471     /usr/lib/jvm/java-7-openjdk-i386/jre/lib/ext/icedtea-sound.jar
b771b000-b771e000 r--s 00086000 08:05 432468     /usr/lib/jvm/java-7-openjdk-i386/jre/lib/ext/localedata.jar
b771e000-b771f000 rw-p 00000000 00:00 0 
b771f000-b7720000 r--p 00000000 00:00 0 
b7720000-b772e000 r-xp 00000000 08:05 432457     /usr/lib/jvm/java-7-openjdk-i386/jre/lib/i386/libverify.so
b772e000-b7730000 r--p 0000d000 08:05 432457     /usr/lib/jvm/java-7-openjdk-i386/jre/lib/i386/libverify.so
b7730000-b7731000 rw-p 0000f000 08:05 432457     /usr/lib/jvm/java-7-openjdk-i386/jre/lib/i386/libverify.so
b7731000-b7733000 rw-p 00000000 00:00 0 
b7733000-b7734000 r-xp 00000000 00:00 0          [vdso]
b7734000-b7736000 r--p 00000000 00:00 0          [vvar]
b7736000-b7755000 r-xp 00000000 08:05 101        /lib/i386-linux-gnu/ld-2.19.so
b7755000-b7756000 r--p 0001f000 08:05 101        /lib/i386-linux-gnu/ld-2.19.so
b7756000-b7757000 rw-p 00020000 08:05 101        /lib/i386-linux-gnu/ld-2.19.so
bfb03000-bfb04000 rwxp 00000000 00:00 0 
bfb36000-bfb56000 rwxp 00000000 00:00 0          [stack]
bfb56000-bfb57000 rw-p 00000000 00:00 0 

VM Arguments:
jvm_args: -Dfile.encoding=UTF-8 -Xbootclasspath/p:/home/nachomf/Descargas/Scala/eclipse/plugins/org.scala-lang.scala-library_2.11.6.v20150224-172222-092690e7bf.jar:/home/nachomf/Descargas/Scala/eclipse/plugins/org.scala-lang.scala-reflect_2.11.6.v20150224-172222-092690e7bf.jar:/home/nachomf/Descargas/Scala/eclipse/plugins/org.scala-lang.scala-actors_2.11.6.v20150224-172222-092690e7bf.jar 
java_command: scala.tools.eclipse.scalatest.launching.ScalaTestLauncher /tmp/st-launch590341801509927372.classpath /tmp/st-launch3331062669849203105.args
Launcher Type: SUN_STANDARD

Environment Variables:
PATH=/usr/local/bin:/usr/bin:/bin:/usr/local/games:/usr/games
USERNAME=nachomf
LD_LIBRARY_PATH=/usr/lib/jvm/java-7-openjdk-i386/jre/lib/i386/client:/usr/lib/jvm/java-7-openjdk-i386/jre/lib/i386:
SHELL=/bin/bash
DISPLAY=:0

Signal Handlers:
SIGSEGV: [libjvm.so+0x4cfd40], sa_mask[0]=0x7ffbfeff, sa_flags=0x10000004
SIGBUS: [libjvm.so+0x4cfd40], sa_mask[0]=0x7ffbfeff, sa_flags=0x10000004
SIGFPE: [libjvm.so+0x3bdc80], sa_mask[0]=0x7ffbfeff, sa_flags=0x10000004
SIGPIPE: [libjvm.so+0x3bdc80], sa_mask[0]=0x7ffbfeff, sa_flags=0x10000004
SIGXFSZ: [libjvm.so+0x3bdc80], sa_mask[0]=0x7ffbfeff, sa_flags=0x10000004
SIGILL: [libjvm.so+0x3bdc80], sa_mask[0]=0x7ffbfeff, sa_flags=0x10000004
SIGUSR1: SIG_DFL, sa_mask[0]=0x00000000, sa_flags=0x00000000
SIGUSR2: [libjvm.so+0x3bdad0], sa_mask[0]=0x00000004, sa_flags=0x10000004
SIGHUP: [libjvm.so+0x3bdd30], sa_mask[0]=0x7ffbfeff, sa_flags=0x10000004
SIGINT: [libjvm.so+0x3bdd30], sa_mask[0]=0x7ffbfeff, sa_flags=0x10000004
SIGTERM: [libjvm.so+0x3bdd30], sa_mask[0]=0x7ffbfeff, sa_flags=0x10000004
SIGQUIT: [libjvm.so+0x3bdd30], sa_mask[0]=0x7ffbfeff, sa_flags=0x10000004
SIGTRAP: SIG_DFL, sa_mask[0]=0x00000000, sa_flags=0x00000000


---------------  S Y S T E M  ---------------

OS:8.0

uname:Linux 3.16.0-4-686-pae #1 SMP Debian 3.16.7-ckt9-3~deb8u1 (2015-04-24) i686
libc:glibc 2.19 NPTL 2.19 
rlimit: STACK 8192k, CORE 0k, NPROC 16001, NOFILE 65536, AS infinity
load average:0,23 0,56 3,55

/proc/meminfo:
MemTotal:        2069788 kB
MemFree:          452404 kB
MemAvailable:     797136 kB
Buffers:           32696 kB
Cached:           444712 kB
SwapCached:         2360 kB
Active:          1055204 kB
Inactive:         436488 kB
Active(anon):     734804 kB
Inactive(anon):   286172 kB
Active(file):     320400 kB
Inactive(file):   150316 kB
Unevictable:          24 kB
Mlocked:              24 kB
HighTotal:       1187400 kB
HighFree:         269532 kB
LowTotal:         882388 kB
LowFree:          182872 kB
SwapTotal:        975868 kB
SwapFree:         966788 kB
Dirty:                60 kB
Writeback:             0 kB
AnonPages:       1012176 kB
Mapped:           159056 kB
Shmem:              6692 kB
Slab:              41484 kB
SReclaimable:      28636 kB
SUnreclaim:        12848 kB
KernelStack:        2648 kB
PageTables:         6844 kB
NFS_Unstable:          0 kB
Bounce:                0 kB
WritebackTmp:          0 kB
CommitLimit:     2010760 kB
Committed_AS:    2816428 kB
VmallocTotal:     122880 kB
VmallocUsed:       61928 kB
VmallocChunk:      50156 kB
HardwareCorrupted:     0 kB
AnonHugePages:         0 kB
HugePages_Total:       0
HugePages_Free:        0
HugePages_Rsvd:        0
HugePages_Surp:        0
Hugepagesize:       2048 kB
DirectMap4k:       71672 kB
DirectMap2M:      835584 kB


CPU:total 1 (1 cores per cpu, 1 threads per core) family 6 model 23 stepping 10, cmov, cx8, fxsr, mmx, sse, sse2, sse3, ssse3, tsc

/proc/cpuinfo:
processor	: 0
vendor_id	: GenuineIntel
cpu family	: 6
model		: 23
model name	: Intel(R) Celeron(R) CPU          900  @ 2.20GHz
stepping	: 10
microcode	: 0xa07
cpu MHz		: 2199.421
cache size	: 1024 KB
physical id	: 0
siblings	: 1
core id		: 0
cpu cores	: 1
apicid		: 0
initial apicid	: 0
fdiv_bug	: no
f00f_bug	: no
coma_bug	: no
fpu		: yes
fpu_exception	: yes
cpuid level	: 13
wp		: yes
flags		: fpu vme de pse tsc msr pae mce cx8 sep mtrr pge mca cmov pat pse36 clflush dts acpi mmx fxsr sse sse2 ss tm pbe nx lm constant_tsc arch_perfmon pebs bts aperfmperf pni dtes64 monitor ds_cpl tm2 ssse3 cx16 xtpr pdcm xsave lahf_lm dtherm
bogomips	: 4398.84
clflush size	: 64
cache_alignment	: 64
address sizes	: 36 bits physical, 48 bits virtual
power management:



Memory: 4k page, physical 2069788k(452404k free), swap 975868k(966788k free)

vm_info: OpenJDK Client VM (24.79-b02) for linux-x86 JRE (1.7.0_79-b14), built on Apr 27 2015 11:16:50 by "buildd" with gcc 4.9.2

time: Fri Jun 12 22:26:14 2015
elapsed time: 1 seconds

