#
# A fatal error has been detected by the Java Runtime Environment:
#
#  SIGSEGV (0xb) at pc=0xb46cd630, pid=7610, tid=3062029120
#
# JRE version: OpenJDK Runtime Environment (7.0_79-b14) (build 1.7.0_79-b14)
# Java VM: OpenJDK Client VM (24.79-b02 mixed mode linux-x86 )
# Derivative: IcedTea 2.5.5
# Distribution: Debian GNU/Linux 8.0 (jessie), package 7u79-2.5.5-1~deb8u1
# Problematic frame:
# J 173 C1 ar.wololo.pokemon.dominio.Pokemon.experienciaParaNivel(I)Ljava/lang/Integer; (60 bytes) @ 0xb46cd630 [0xb46cd620+0x10]
#
# Failed to write core dump. Core dumps have been disabled. To enable core dumping, try "ulimit -c unlimited" before starting Java again
#
# If you would like to submit a bug report, please include
# instructions on how to reproduce the bug and visit:
#   http://icedtea.classpath.org/bugzilla
#

---------------  T H R E A D  ---------------

Current thread (0xb6608000):  JavaThread "ScalaTest-main-running-ActividadesTest" [_thread_in_Java, id=7613, stack(0xb67dd000,0xb682e000)]

siginfo:si_signo=SIGSEGV: si_errno=0, si_code=2 (SEGV_ACCERR), si_addr=0xb67ddfbc

Registers:
EAX=0x9af55888, EBX=0x000000a8, ECX=0x90725c50, EDX=0x00000002
ESP=0xb67e3fbc, EBP=0xb6805b54, ESI=0x90725c50, EDI=0x90725c50
EIP=0xb46cd630, EFLAGS=0x00010202, CR2=0xb67ddfbc

Top of Stack: (sp=0xb67e3fbc)
0xb67e3fbc:   b46cd652 00000000 00000000 00000000
0xb67e3fcc:   00000000 00000000 00000000 00000000
0xb67e3fdc:   00000000 00000000 00000000 00000000
0xb67e3fec:   00000000 00000000 00000000 90725c50
0xb67e3ffc:   9af55888 00000000 00000000 b6805b54
0xb67e400c:   b46cd652 00000000 00000000 00000000
0xb67e401c:   00000000 00000000 00000000 00000000
0xb67e402c:   00000000 00000000 00000000 00000000 

Instructions: (pc=0xb46cd630)
0xb46cd610:   05 68 00 00 00 00 00 00 00 00 00 00 00 00 00 00
0xb46cd620:   90 90 90 90 90 90 90 3b 41 04 0f 85 60 fa f5 ff
0xb46cd630:   89 84 24 00 a0 ff ff 55 83 ec 48 83 fa 00 0f 84
0xb46cd640:   2f 00 00 00 4a 8b f1 8b ce 89 74 24 38 e8 de ff 

Register to memory mapping:

EAX=0x9af55888 is an oop
java.lang.Integer 
 - klass: 'java/lang/Integer'
EBX=0x000000a8 is an unknown value
ECX=
[error occurred during error reporting (printing register info), id 0xb]

Stack: [0xb67dd000,0xb682e000],  sp=0xb67e3fbc,  free space=27k
Native frames: (J=compiled Java code, j=interpreted, Vv=VM code, C=native code)
J 173 C1 ar.wololo.pokemon.dominio.Pokemon.experienciaParaNivel(I)Ljava/lang/Integer; (60 bytes) @ 0xb46cd630 [0xb46cd620+0x10]
C  0xb6805b54

[error occurred during error reporting (printing native stack), id 0xb]


---------------  P R O C E S S  ---------------

Java Threads: ( => current thread )
  0x8f939800 JavaThread "ScalaTest-dispatcher" [_thread_blocked, id=7625, stack(0x8f39f000,0x8f3f0000)]
  0xb669b800 JavaThread "Service Thread" daemon [_thread_blocked, id=7623, stack(0x8fbb2000,0x8fc03000)]
  0xb6699800 JavaThread "C1 CompilerThread0" daemon [_thread_blocked, id=7622, stack(0x8fc03000,0x8fc84000)]
  0xb6698000 JavaThread "Signal Dispatcher" daemon [_thread_blocked, id=7621, stack(0x8fc84000,0x8fcd5000)]
  0xb6685400 JavaThread "Finalizer" daemon [_thread_blocked, id=7619, stack(0x8fe5e000,0x8feaf000)]
  0xb6683c00 JavaThread "Reference Handler" daemon [_thread_blocked, id=7618, stack(0x8feaf000,0x8ff00000)]
=>0xb6608000 JavaThread "ScalaTest-main-running-ActividadesTest" [_thread_in_Java, id=7613, stack(0xb67dd000,0xb682e000)]

Other Threads:
  0xb6681400 VMThread [stack: 0x90035000,0x900b6000] [id=7617]
  0xb669e000 WatcherThread [stack: 0x8fb31000,0x8fbb2000] [id=7624]

VM state:not at safepoint (normal execution)

VM Mutex/Monitor currently owned by a thread: None

Heap
 def new generation   total 4928K, used 4801K [0x90400000, 0x90950000, 0x9aea0000)
  eden space 4416K,  97% used [0x90400000, 0x908306f0, 0x90850000)
  from space 512K, 100% used [0x908d0000, 0x90950000, 0x90950000)
  to   space 512K,   0% used [0x90850000, 0x90850000, 0x908d0000)
 tenured generation   total 10944K, used 2220K [0x9aea0000, 0x9b950000, 0xb0400000)
   the space 10944K,  20% used [0x9aea0000, 0x9b0cb070, 0x9b0cb200, 0x9b950000)
 compacting perm gen  total 12288K, used 6880K [0xb0400000, 0xb1000000, 0xb4400000)
   the space 12288K,  55% used [0xb0400000, 0xb0ab82d8, 0xb0ab8400, 0xb1000000)
No shared spaces configured.

Card table byte_map: [0xb445f000,0xb4580000] byte_map_base: 0xb3fdd000

Polling page: 0xb76cc000

Code Cache  [0xb4600000, 0xb46e8000, 0xb6600000)
 total_blobs=480 nmethods=317 adapters=100 free_code_cache=31840Kb largest_free_block=32604864

Compilation events (10 events):
Event: 1,793 Thread 0xb6699800  313             scala.collection.mutable.ArrayBuffer::iterator (5 bytes)
Event: 1,800 Thread 0xb6699800 nmethod 313 0xb46e6608 code [0xb46e6720, 0xb46e683c]
Event: 1,800 Thread 0xb6699800  314             scala.xml.Atom::buildString (15 bytes)
Event: 1,800 Thread 0xb6699800 nmethod 314 0xb46e6908 code [0xb46e6a20, 0xb46e6ad4]
Event: 1,800 Thread 0xb6699800  315             ar.wololo.pokemon.dominio.Pokemon::copy$default$1 (5 bytes)
Event: 1,800 Thread 0xb6699800 nmethod 315 0xb46e6b48 code [0xb46e6c40, 0xb46e6cc0]
Event: 1,800 Thread 0xb6699800  316             ar.wololo.pokemon.dominio.Pokemon::aumentaExperiencia (211 bytes)
Event: 1,801 Thread 0xb6699800 nmethod 316 0xb46e6d08 code [0xb46e6e60, 0xb46e716c]
Event: 1,806 Thread 0xb6699800  317             ar.wololo.pokemon.dominio.Pokemon::subirDeNivel (185 bytes)
Event: 1,807 Thread 0xb6699800 nmethod 317 0xb46e7608 code [0xb46e7740, 0xb46e7a38]

GC Heap History (6 events):
Event: 0,857 GC heap before
{Heap before GC invocations=0 (full 0):
 def new generation   total 4928K, used 4413K [0x90400000, 0x90950000, 0x9aea0000)
  eden space 4416K,  99% used [0x90400000, 0x9084f7c0, 0x90850000)
  from space 512K,   0% used [0x90850000, 0x90850000, 0x908d0000)
  to   space 512K,   0% used [0x908d0000, 0x908d0000, 0x90950000)
 tenured generation   total 10944K, used 0K [0x9aea0000, 0x9b950000, 0xb0400000)
   the space 10944K,   0% used [0x9aea0000, 0x9aea0000, 0x9aea0200, 0x9b950000)
 compacting perm gen  total 12288K, used 4310K [0xb0400000, 0xb1000000, 0xb4400000)
   the space 12288K,  35% used [0xb0400000, 0xb08359d8, 0xb0835a00, 0xb1000000)
No shared spaces configured.
Event: 0,863 GC heap after
Heap after GC invocations=1 (full 0):
 def new generation   total 4928K, used 512K [0x90400000, 0x90950000, 0x9aea0000)
  eden space 4416K,   0% used [0x90400000, 0x90400000, 0x90850000)
  from space 512K, 100% used [0x908d0000, 0x90950000, 0x90950000)
  to   space 512K,   0% used [0x90850000, 0x90850000, 0x908d0000)
 tenured generation   total 10944K, used 540K [0x9aea0000, 0x9b950000, 0xb0400000)
   the space 10944K,   4% used [0x9aea0000, 0x9af27020, 0x9af27200, 0x9b950000)
 compacting perm gen  total 12288K, used 4310K [0xb0400000, 0xb1000000, 0xb4400000)
   the space 12288K,  35% used [0xb0400000, 0xb08359d8, 0xb0835a00, 0xb1000000)
No shared spaces configured.
}
Event: 1,148 GC heap before
{Heap before GC invocations=1 (full 0):
 def new generation   total 4928K, used 4928K [0x90400000, 0x90950000, 0x9aea0000)
  eden space 4416K, 100% used [0x90400000, 0x90850000, 0x90850000)
  from space 512K, 100% used [0x908d0000, 0x90950000, 0x90950000)
  to   space 512K,   0% used [0x90850000, 0x90850000, 0x908d0000)
 tenured generation   total 10944K, used 540K [0x9aea0000, 0x9b950000, 0xb0400000)
   the space 10944K,   4% used [0x9aea0000, 0x9af27020, 0x9af27200, 0x9b950000)
 compacting perm gen  total 12288K, used 5428K [0xb0400000, 0xb1000000, 0xb4400000)
   the space 12288K,  44% used [0xb0400000, 0xb094d368, 0xb094d400, 0xb1000000)
No shared spaces configured.
Event: 1,162 GC heap after
Heap after GC invocations=2 (full 0):
 def new generation   total 4928K, used 512K [0x90400000, 0x90950000, 0x9aea0000)
  eden space 4416K,   0% used [0x90400000, 0x90400000, 0x90850000)
  from space 512K, 100% used [0x90850000, 0x908d0000, 0x908d0000)
  to   space 512K,   0% used [0x908d0000, 0x908d0000, 0x90950000)
 tenured generation   total 10944K, used 1518K [0x9aea0000, 0x9b950000, 0xb0400000)
   the space 10944K,  13% used [0x9aea0000, 0x9b01bbb0, 0x9b01bc00, 0x9b950000)
 compacting perm gen  total 12288K, used 5428K [0xb0400000, 0xb1000000, 0xb4400000)
   the space 12288K,  44% used [0xb0400000, 0xb094d368, 0xb094d400, 0xb1000000)
No shared spaces configured.
}
Event: 1,416 GC heap before
{Heap before GC invocations=2 (full 0):
 def new generation   total 4928K, used 4928K [0x90400000, 0x90950000, 0x9aea0000)
  eden space 4416K, 100% used [0x90400000, 0x90850000, 0x90850000)
  from space 512K, 100% used [0x90850000, 0x908d0000, 0x908d0000)
  to   space 512K,   0% used [0x908d0000, 0x908d0000, 0x90950000)
 tenured generation   total 10944K, used 1518K [0x9aea0000, 0x9b950000, 0xb0400000)
   the space 10944K,  13% used [0x9aea0000, 0x9b01bbb0, 0x9b01bc00, 0x9b950000)
 compacting perm gen  total 12288K, used 6637K [0xb0400000, 0xb1000000, 0xb4400000)
   the space 12288K,  54% used [0xb0400000, 0xb0a7b5a0, 0xb0a7b600, 0xb1000000)
No shared spaces configured.
Event: 1,431 GC heap after
Heap after GC invocations=3 (full 0):
 def new generation   total 4928K, used 512K [0x90400000, 0x90950000, 0x9aea0000)
  eden space 4416K,   0% used [0x90400000, 0x90400000, 0x90850000)
  from space 512K, 100% used [0x908d0000, 0x90950000, 0x90950000)
  to   space 512K,   0% used [0x90850000, 0x90850000, 0x908d0000)
 tenured generation   total 10944K, used 2220K [0x9aea0000, 0x9b950000, 0xb0400000)
   the space 10944K,  20% used [0x9aea0000, 0x9b0cb070, 0x9b0cb200, 0x9b950000)
 compacting perm gen  total 12288K, used 6637K [0xb0400000, 0xb1000000, 0xb4400000)
   the space 12288K,  54% used [0xb0400000, 0xb0a7b5a0, 0xb0a7b600, 0xb1000000)
No shared spaces configured.
}

Deoptimization events (0 events):
No events

Internal exceptions (10 events):
Event: 1,628 Thread 0x8f939800 Threw 0x905fc6a0 at /build/openjdk-7-ZMawwJ/openjdk-7-7u79-2.5.5/build/openjdk/hotspot/src/share/vm/prims/jvm.cpp:1284
Event: 1,628 Thread 0x8f939800 Threw 0x905fcba0 at /build/openjdk-7-ZMawwJ/openjdk-7-7u79-2.5.5/build/openjdk/hotspot/src/share/vm/prims/jvm.cpp:1284
Event: 1,634 Thread 0x8f939800 Threw 0x90606620 at /build/openjdk-7-ZMawwJ/openjdk-7-7u79-2.5.5/build/openjdk/hotspot/src/share/vm/prims/jvm.cpp:1284
Event: 1,634 Thread 0x8f939800 Threw 0x90606ad0 at /build/openjdk-7-ZMawwJ/openjdk-7-7u79-2.5.5/build/openjdk/hotspot/src/share/vm/prims/jvm.cpp:1284
Event: 1,636 Thread 0x8f939800 Threw 0x90636890 at /build/openjdk-7-ZMawwJ/openjdk-7-7u79-2.5.5/build/openjdk/hotspot/src/share/vm/prims/jvm.cpp:1284
Event: 1,636 Thread 0x8f939800 Threw 0x90636de0 at /build/openjdk-7-ZMawwJ/openjdk-7-7u79-2.5.5/build/openjdk/hotspot/src/share/vm/prims/jvm.cpp:1284
Event: 1,646 Thread 0x8f939800 Threw 0x9063d210 at /build/openjdk-7-ZMawwJ/openjdk-7-7u79-2.5.5/build/openjdk/hotspot/src/share/vm/prims/jvm.cpp:1284
Event: 1,646 Thread 0x8f939800 Threw 0x9063d6d8 at /build/openjdk-7-ZMawwJ/openjdk-7-7u79-2.5.5/build/openjdk/hotspot/src/share/vm/prims/jvm.cpp:1284
Event: 1,651 Thread 0x8f939800 Threw 0x90654bd8 at /build/openjdk-7-ZMawwJ/openjdk-7-7u79-2.5.5/build/openjdk/hotspot/src/share/vm/prims/jvm.cpp:1284
Event: 1,651 Thread 0x8f939800 Threw 0x90655168 at /build/openjdk-7-ZMawwJ/openjdk-7-7u79-2.5.5/build/openjdk/hotspot/src/share/vm/prims/jvm.cpp:1284

Events (10 events):
Event: 1,628 loading class 0x09db5b68
Event: 1,628 loading class 0x09db5b68 done
Event: 1,634 loading class 0x8f948460
Event: 1,634 loading class 0x8f948460 done
Event: 1,636 loading class 0x8f9484e0
Event: 1,636 loading class 0x8f9484e0 done
Event: 1,646 loading class 0x8f9fc848
Event: 1,646 loading class 0x8f9fc848 done
Event: 1,651 loading class 0x09db42a8
Event: 1,651 loading class 0x09db42a8 done


Dynamic libraries:
08048000-08049000 r-xp 00000000 08:05 401311     /usr/lib/jvm/java-7-openjdk-i386/jre/bin/java
08049000-0804a000 r--p 00000000 08:05 401311     /usr/lib/jvm/java-7-openjdk-i386/jre/bin/java
0804a000-0804b000 rw-p 00001000 08:05 401311     /usr/lib/jvm/java-7-openjdk-i386/jre/bin/java
09c93000-09e07000 rw-p 00000000 00:00 0          [heap]
8f200000-8f24a000 rw-p 00000000 00:00 0 
8f24a000-8f300000 ---p 00000000 00:00 0 
8f39f000-8f3a2000 ---p 00000000 00:00 0 
8f3a2000-8f3f0000 rwxp 00000000 00:00 0          [stack:7625]
8f3f0000-8f5b1000 rw-p 00000000 00:00 0 
8f5b1000-8f620000 r-xp 00000000 08:05 234        /lib/i386-linux-gnu/libpcre.so.3.13.1
8f620000-8f621000 r--p 0006f000 08:05 234        /lib/i386-linux-gnu/libpcre.so.3.13.1
8f621000-8f622000 rw-p 00070000 08:05 234        /lib/i386-linux-gnu/libpcre.so.3.13.1
8f622000-8f748000 r-xp 00000000 08:05 156        /lib/i386-linux-gnu/libglib-2.0.so.0.4200.1
8f748000-8f749000 r--p 00125000 08:05 156        /lib/i386-linux-gnu/libglib-2.0.so.0.4200.1
8f749000-8f74a000 rw-p 00126000 08:05 156        /lib/i386-linux-gnu/libglib-2.0.so.0.4200.1
8f74a000-8f8fb000 r-xp 00000000 08:05 398685     /usr/lib/i386-linux-gnu/libgio-2.0.so.0.4200.1
8f8fb000-8f8fe000 r--p 001b0000 08:05 398685     /usr/lib/i386-linux-gnu/libgio-2.0.so.0.4200.1
8f8fe000-8f8ff000 rw-p 001b3000 08:05 398685     /usr/lib/i386-linux-gnu/libgio-2.0.so.0.4200.1
8f8ff000-8f900000 rw-p 00000000 00:00 0 
8f900000-8f9ff000 rw-p 00000000 00:00 0 
8f9ff000-8fa00000 ---p 00000000 00:00 0 
8fa3d000-8fa43000 r-xp 00000000 08:05 398552     /usr/lib/i386-linux-gnu/libffi.so.6.0.2
8fa43000-8fa44000 r--p 00005000 08:05 398552     /usr/lib/i386-linux-gnu/libffi.so.6.0.2
8fa44000-8fa45000 rw-p 00006000 08:05 398552     /usr/lib/i386-linux-gnu/libffi.so.6.0.2
8fa45000-8fa6a000 r-xp 00000000 08:05 257        /lib/i386-linux-gnu/libselinux.so.1
8fa6a000-8fa6b000 r--p 00024000 08:05 257        /lib/i386-linux-gnu/libselinux.so.1
8fa6b000-8fa6c000 rw-p 00025000 08:05 257        /lib/i386-linux-gnu/libselinux.so.1
8fa6c000-8fa6d000 rw-p 00000000 00:00 0 
8fa6d000-8fac9000 r-xp 00000000 08:05 398732     /usr/lib/i386-linux-gnu/libgobject-2.0.so.0.4200.1
8fac9000-8faca000 r--p 0005b000 08:05 398732     /usr/lib/i386-linux-gnu/libgobject-2.0.so.0.4200.1
8faca000-8facb000 rw-p 0005c000 08:05 398732     /usr/lib/i386-linux-gnu/libgobject-2.0.so.0.4200.1
8facb000-8fb31000 r--s 00675000 08:06 657818     /home/nachomf/wololos-1c-2015-tp-tadp-pokemon/scalatest_2.11-2.2.4.jar
8fb31000-8fb32000 ---p 00000000 00:00 0 
8fb32000-8fc03000 rwxp 00000000 00:00 0          [stack:7623]
8fc03000-8fc04000 ---p 00000000 00:00 0 
8fc04000-8fcd5000 rwxp 00000000 00:00 0          [stack:7621]
8fcd5000-8fe5e000 r--p 00000000 08:05 431749     /usr/lib/locale/locale-archive
8fe5e000-8ff00000 rwxp 00000000 00:00 0          [stack:7618]
8ff00000-8ff21000 rw-p 00000000 00:00 0 
8ff21000-90000000 ---p 00000000 00:00 0 
90005000-90018000 r-xp 00000000 08:05 93         /lib/i386-linux-gnu/i686/cmov/libresolv-2.19.so
90018000-90019000 r--p 00012000 08:05 93         /lib/i386-linux-gnu/i686/cmov/libresolv-2.19.so
90019000-9001a000 rw-p 00013000 08:05 93         /lib/i386-linux-gnu/i686/cmov/libresolv-2.19.so
9001a000-9001c000 rw-p 00000000 00:00 0 
9002a000-90035000 r--s 00094000 08:06 657697     /home/nachomf/Descargas/Scala/eclipse/plugins/org.scala-lang.modules.scala-xml_1.0.3.jar
90035000-90036000 ---p 00000000 00:00 0 
90036000-900b6000 rwxp 00000000 00:00 0          [stack:7617]
900b6000-900ff000 rw-p 00000000 00:00 0 
900ff000-902b0000 r--s 01d27000 08:05 432475     /usr/lib/jvm/java-7-openjdk-i386/jre/lib/rt.jar
902b0000-902fc000 r--s 003f3000 08:06 657704     /home/nachomf/Descargas/Scala/eclipse/plugins/org.scala-lang.scala-reflect_2.11.6.v20150224-172222-092690e7bf.jar
902fc000-90355000 r--s 004f6000 08:06 657702     /home/nachomf/Descargas/Scala/eclipse/plugins/org.scala-lang.scala-library_2.11.6.v20150224-172222-092690e7bf.jar
90355000-9035b000 rw-p 00000000 00:00 0 
9035b000-90400000 rw-p 00000000 00:00 0 
90400000-90950000 rw-p 00000000 00:00 0 
90950000-9aea0000 rw-p 00000000 00:00 0 
9aea0000-9b950000 rw-p 00000000 00:00 0 
9b950000-b0400000 rw-p 00000000 00:00 0 
b0400000-b1000000 rw-p 00000000 00:00 0 
b1000000-b4400000 rw-p 00000000 00:00 0 
b4404000-b4462000 rw-p 00000000 00:00 0 
b4462000-b44b4000 rw-p 00000000 00:00 0 
b44b4000-b44ba000 rw-p 00000000 00:00 0 
b44ba000-b455f000 rw-p 00000000 00:00 0 
b455f000-b4565000 rw-p 00000000 00:00 0 
b4565000-b457f000 rw-p 00000000 00:00 0 
b457f000-b4584000 rw-p 00000000 00:00 0 
b4584000-b4600000 rw-p 00000000 00:00 0 
b4600000-b46e8000 rwxp 00000000 00:00 0 
b46e8000-b66ff000 rw-p 00000000 00:00 0 
b66ff000-b6700000 ---p 00000000 00:00 0 
b6702000-b6705000 r-xp 00000000 08:05 398710     /usr/lib/i386-linux-gnu/libgmodule-2.0.so.0.4200.1
b6705000-b6706000 r--p 00002000 08:05 398710     /usr/lib/i386-linux-gnu/libgmodule-2.0.so.0.4200.1
b6706000-b6707000 rw-p 00003000 08:05 398710     /usr/lib/i386-linux-gnu/libgmodule-2.0.so.0.4200.1
b6707000-b671d000 r-xp 00000000 08:05 432451     /usr/lib/jvm/java-7-openjdk-i386/jre/lib/i386/libnet.so
b671d000-b671e000 r--p 00016000 08:05 432451     /usr/lib/jvm/java-7-openjdk-i386/jre/lib/i386/libnet.so
b671e000-b671f000 rw-p 00017000 08:05 432451     /usr/lib/jvm/java-7-openjdk-i386/jre/lib/i386/libnet.so
b671f000-b6729000 r--s 0007f000 08:06 657860     /home/nachomf/Descargas/Scala/eclipse/plugins/org.scala-ide.sdt.scalatest_2.9.3.v-4-2_11-201503120831-a29ebef.jar
b6729000-b672b000 r--s 00006000 08:05 530882     /usr/share/java/java-atk-wrapper.jar
b672b000-b672f000 r--s 00034000 08:05 432469     /usr/lib/jvm/java-7-openjdk-i386/jre/lib/ext/sunjce_provider.jar
b672f000-b6737000 r--s 0006c000 08:06 657699     /home/nachomf/Descargas/Scala/eclipse/plugins/org.scala-lang.scala-actors_2.11.6.v20150224-172222-092690e7bf.jar
b6737000-b673e000 rw-p 00000000 00:00 0 
b673e000-b6758000 rw-p 00000000 00:00 0 
b6758000-b6763000 r-xp 00000000 08:05 82         /lib/i386-linux-gnu/i686/cmov/libnss_files-2.19.so
b6763000-b6764000 r--p 0000a000 08:05 82         /lib/i386-linux-gnu/i686/cmov/libnss_files-2.19.so
b6764000-b6765000 rw-p 0000b000 08:05 82         /lib/i386-linux-gnu/i686/cmov/libnss_files-2.19.so
b6765000-b676f000 r-xp 00000000 08:05 86         /lib/i386-linux-gnu/i686/cmov/libnss_nis-2.19.so
b676f000-b6770000 r--p 00009000 08:05 86         /lib/i386-linux-gnu/i686/cmov/libnss_nis-2.19.so
b6770000-b6771000 rw-p 0000a000 08:05 86         /lib/i386-linux-gnu/i686/cmov/libnss_nis-2.19.so
b6771000-b6786000 r-xp 00000000 08:05 76         /lib/i386-linux-gnu/i686/cmov/libnsl-2.19.so
b6786000-b6787000 r--p 00015000 08:05 76         /lib/i386-linux-gnu/i686/cmov/libnsl-2.19.so
b6787000-b6788000 rw-p 00016000 08:05 76         /lib/i386-linux-gnu/i686/cmov/libnsl-2.19.so
b6788000-b678a000 rw-p 00000000 00:00 0 
b678a000-b6791000 r-xp 00000000 08:05 78         /lib/i386-linux-gnu/i686/cmov/libnss_compat-2.19.so
b6791000-b6792000 r--p 00006000 08:05 78         /lib/i386-linux-gnu/i686/cmov/libnss_compat-2.19.so
b6792000-b6793000 rw-p 00007000 08:05 78         /lib/i386-linux-gnu/i686/cmov/libnss_compat-2.19.so
b6793000-b6794000 r--s 00002000 08:05 432467     /usr/lib/jvm/java-7-openjdk-i386/jre/lib/ext/dnsns.jar
b6794000-b6798000 r--s 0003c000 08:05 432466     /usr/lib/jvm/java-7-openjdk-i386/jre/lib/ext/sunpkcs11.jar
b6798000-b679a000 r--s 00012000 08:05 432470     /usr/lib/jvm/java-7-openjdk-i386/jre/lib/ext/zipfs.jar
b679a000-b67a2000 r-xp 00000000 08:05 432458     /usr/lib/jvm/java-7-openjdk-i386/jre/lib/i386/libzip.so
b67a2000-b67a3000 r--p 00007000 08:05 432458     /usr/lib/jvm/java-7-openjdk-i386/jre/lib/i386/libzip.so
b67a3000-b67a4000 rw-p 00008000 08:05 432458     /usr/lib/jvm/java-7-openjdk-i386/jre/lib/i386/libzip.so
b67a4000-b67ac000 rw-s 00000000 08:05 438920     /tmp/hsperfdata_nachomf/7610
b67ac000-b67d2000 r-xp 00000000 08:05 432440     /usr/lib/jvm/java-7-openjdk-i386/jre/lib/i386/libjava.so
b67d2000-b67d3000 r--p 00025000 08:05 432440     /usr/lib/jvm/java-7-openjdk-i386/jre/lib/i386/libjava.so
b67d3000-b67d4000 rw-p 00026000 08:05 432440     /usr/lib/jvm/java-7-openjdk-i386/jre/lib/i386/libjava.so
b67d4000-b67db000 r-xp 00000000 08:05 95         /lib/i386-linux-gnu/i686/cmov/librt-2.19.so
b67db000-b67dc000 r--p 00006000 08:05 95         /lib/i386-linux-gnu/i686/cmov/librt-2.19.so
b67dc000-b67dd000 rw-p 00007000 08:05 95         /lib/i386-linux-gnu/i686/cmov/librt-2.19.so
b67dd000-b67de000 rw-p 00000000 00:00 0 
b67de000-b682e000 rwxp 00000000 00:00 0          [stack:7613]
b682e000-b684a000 r-xp 00000000 08:05 152        /lib/i386-linux-gnu/libgcc_s.so.1
b684a000-b684b000 rw-p 0001b000 08:05 152        /lib/i386-linux-gnu/libgcc_s.so.1
b684b000-b688f000 r-xp 00000000 08:05 73         /lib/i386-linux-gnu/i686/cmov/libm-2.19.so
b688f000-b6890000 r--p 00043000 08:05 73         /lib/i386-linux-gnu/i686/cmov/libm-2.19.so
b6890000-b6891000 rw-p 00044000 08:05 73         /lib/i386-linux-gnu/i686/cmov/libm-2.19.so
b6891000-b6977000 r-xp 00000000 08:05 399444     /usr/lib/i386-linux-gnu/libstdc++.so.6.0.20
b6977000-b697b000 r--p 000e6000 08:05 399444     /usr/lib/i386-linux-gnu/libstdc++.so.6.0.20
b697b000-b697c000 rw-p 000ea000 08:05 399444     /usr/lib/i386-linux-gnu/libstdc++.so.6.0.20
b697c000-b6983000 rw-p 00000000 00:00 0 
b6983000-b708b000 r-xp 00000000 08:05 432464     /usr/lib/jvm/java-7-openjdk-i386/jre/lib/i386/client/libjvm.so
b708b000-b70a3000 r--p 00707000 08:05 432464     /usr/lib/jvm/java-7-openjdk-i386/jre/lib/i386/client/libjvm.so
b70a3000-b70b2000 rw-p 0071f000 08:05 432464     /usr/lib/jvm/java-7-openjdk-i386/jre/lib/i386/client/libjvm.so
b70b2000-b74ce000 rw-p 00000000 00:00 0 
b74ce000-b74e8000 r-xp 00000000 08:05 290        /lib/i386-linux-gnu/libz.so.1.2.8
b74e8000-b74ea000 r--p 00019000 08:05 290        /lib/i386-linux-gnu/libz.so.1.2.8
b74ea000-b74eb000 rw-p 0001b000 08:05 290        /lib/i386-linux-gnu/libz.so.1.2.8
b74eb000-b768f000 r-xp 00000000 08:05 65         /lib/i386-linux-gnu/i686/cmov/libc-2.19.so
b768f000-b7691000 r--p 001a4000 08:05 65         /lib/i386-linux-gnu/i686/cmov/libc-2.19.so
b7691000-b7692000 rw-p 001a6000 08:05 65         /lib/i386-linux-gnu/i686/cmov/libc-2.19.so
b7692000-b7695000 rw-p 00000000 00:00 0 
b7695000-b7698000 r-xp 00000000 08:05 71         /lib/i386-linux-gnu/i686/cmov/libdl-2.19.so
b7698000-b7699000 r--p 00002000 08:05 71         /lib/i386-linux-gnu/i686/cmov/libdl-2.19.so
b7699000-b769a000 rw-p 00003000 08:05 71         /lib/i386-linux-gnu/i686/cmov/libdl-2.19.so
b769a000-b76a6000 r-xp 00000000 08:05 432462     /usr/lib/jvm/java-7-openjdk-i386/jre/lib/i386/jli/libjli.so
b76a6000-b76a7000 r--p 0000b000 08:05 432462     /usr/lib/jvm/java-7-openjdk-i386/jre/lib/i386/jli/libjli.so
b76a7000-b76a8000 rw-p 0000c000 08:05 432462     /usr/lib/jvm/java-7-openjdk-i386/jre/lib/i386/jli/libjli.so
b76a8000-b76c0000 r-xp 00000000 08:05 91         /lib/i386-linux-gnu/i686/cmov/libpthread-2.19.so
b76c0000-b76c1000 r--p 00017000 08:05 91         /lib/i386-linux-gnu/i686/cmov/libpthread-2.19.so
b76c1000-b76c2000 rw-p 00018000 08:05 91         /lib/i386-linux-gnu/i686/cmov/libpthread-2.19.so
b76c2000-b76c5000 rw-p 00000000 00:00 0 
b76c5000-b76c8000 r--s 0000f000 08:05 432471     /usr/lib/jvm/java-7-openjdk-i386/jre/lib/ext/icedtea-sound.jar
b76c8000-b76cb000 r--s 00086000 08:05 432468     /usr/lib/jvm/java-7-openjdk-i386/jre/lib/ext/localedata.jar
b76cb000-b76cc000 rw-p 00000000 00:00 0 
b76cc000-b76cd000 r--p 00000000 00:00 0 
b76cd000-b76db000 r-xp 00000000 08:05 432457     /usr/lib/jvm/java-7-openjdk-i386/jre/lib/i386/libverify.so
b76db000-b76dd000 r--p 0000d000 08:05 432457     /usr/lib/jvm/java-7-openjdk-i386/jre/lib/i386/libverify.so
b76dd000-b76de000 rw-p 0000f000 08:05 432457     /usr/lib/jvm/java-7-openjdk-i386/jre/lib/i386/libverify.so
b76de000-b76e0000 rw-p 00000000 00:00 0 
b76e0000-b76e1000 r-xp 00000000 00:00 0          [vdso]
b76e1000-b76e3000 r--p 00000000 00:00 0          [vvar]
b76e3000-b7702000 r-xp 00000000 08:05 101        /lib/i386-linux-gnu/ld-2.19.so
b7702000-b7703000 r--p 0001f000 08:05 101        /lib/i386-linux-gnu/ld-2.19.so
b7703000-b7704000 rw-p 00020000 08:05 101        /lib/i386-linux-gnu/ld-2.19.so
bfcd8000-bfcd9000 rwxp 00000000 00:00 0 
bfd0b000-bfd2b000 rwxp 00000000 00:00 0          [stack]
bfd2b000-bfd2c000 rw-p 00000000 00:00 0 

VM Arguments:
jvm_args: -Dfile.encoding=UTF-8 -Xbootclasspath/p:/home/nachomf/Descargas/Scala/eclipse/plugins/org.scala-lang.scala-library_2.11.6.v20150224-172222-092690e7bf.jar:/home/nachomf/Descargas/Scala/eclipse/plugins/org.scala-lang.scala-reflect_2.11.6.v20150224-172222-092690e7bf.jar:/home/nachomf/Descargas/Scala/eclipse/plugins/org.scala-lang.scala-actors_2.11.6.v20150224-172222-092690e7bf.jar 
java_command: scala.tools.eclipse.scalatest.launching.ScalaTestLauncher /tmp/st-launch7103457140756455359.classpath /tmp/st-launch5311735550745876082.args
Launcher Type: SUN_STANDARD

Environment Variables:
PATH=/usr/local/bin:/usr/bin:/bin:/usr/local/games:/usr/games
USERNAME=nachomf
LD_LIBRARY_PATH=/usr/lib/jvm/java-7-openjdk-i386/jre/lib/i386/client:/usr/lib/jvm/java-7-openjdk-i386/jre/lib/i386:
SHELL=/bin/bash
DISPLAY=:0

Signal Handlers:
SIGSEGV: [libjvm.so+0x4cfd40], sa_mask[0]=0x7ffbfeff, sa_flags=0x10000004
SIGBUS: [libjvm.so+0x4cfd40], sa_mask[0]=0x7ffbfeff, sa_flags=0x10000004
SIGFPE: [libjvm.so+0x3bdc80], sa_mask[0]=0x7ffbfeff, sa_flags=0x10000004
SIGPIPE: [libjvm.so+0x3bdc80], sa_mask[0]=0x7ffbfeff, sa_flags=0x10000004
SIGXFSZ: [libjvm.so+0x3bdc80], sa_mask[0]=0x7ffbfeff, sa_flags=0x10000004
SIGILL: [libjvm.so+0x3bdc80], sa_mask[0]=0x7ffbfeff, sa_flags=0x10000004
SIGUSR1: SIG_DFL, sa_mask[0]=0x00000000, sa_flags=0x00000000
SIGUSR2: [libjvm.so+0x3bdad0], sa_mask[0]=0x00000004, sa_flags=0x10000004
SIGHUP: [libjvm.so+0x3bdd30], sa_mask[0]=0x7ffbfeff, sa_flags=0x10000004
SIGINT: [libjvm.so+0x3bdd30], sa_mask[0]=0x7ffbfeff, sa_flags=0x10000004
SIGTERM: [libjvm.so+0x3bdd30], sa_mask[0]=0x7ffbfeff, sa_flags=0x10000004
SIGQUIT: [libjvm.so+0x3bdd30], sa_mask[0]=0x7ffbfeff, sa_flags=0x10000004
SIGTRAP: SIG_DFL, sa_mask[0]=0x00000000, sa_flags=0x00000000


---------------  S Y S T E M  ---------------

OS:8.0

uname:Linux 3.16.0-4-686-pae #1 SMP Debian 3.16.7-ckt9-3~deb8u1 (2015-04-24) i686
libc:glibc 2.19 NPTL 2.19 
rlimit: STACK 8192k, CORE 0k, NPROC 16001, NOFILE 65536, AS infinity
load average:0,38 1,24 5,37

/proc/meminfo:
MemTotal:        2069788 kB
MemFree:          462508 kB
MemAvailable:     806276 kB
Buffers:           32032 kB
Cached:           444392 kB
SwapCached:         2352 kB
Active:          1045568 kB
Inactive:         437136 kB
Active(anon):     726860 kB
Inactive(anon):   286076 kB
Active(file):     318708 kB
Inactive(file):   151060 kB
Unevictable:          24 kB
Mlocked:              24 kB
HighTotal:       1187400 kB
HighFree:         274596 kB
LowTotal:         882388 kB
LowFree:          187912 kB
SwapTotal:        975868 kB
SwapFree:         966732 kB
Dirty:                80 kB
Writeback:             0 kB
AnonPages:       1004268 kB
Mapped:           158876 kB
Shmem:              6608 kB
Slab:              41460 kB
SReclaimable:      28608 kB
SUnreclaim:        12852 kB
KernelStack:        2608 kB
PageTables:         6820 kB
NFS_Unstable:          0 kB
Bounce:                0 kB
WritebackTmp:          0 kB
CommitLimit:     2010760 kB
Committed_AS:    2810404 kB
VmallocTotal:     122880 kB
VmallocUsed:       61928 kB
VmallocChunk:      50156 kB
HardwareCorrupted:     0 kB
AnonHugePages:         0 kB
HugePages_Total:       0
HugePages_Free:        0
HugePages_Rsvd:        0
HugePages_Surp:        0
Hugepagesize:       2048 kB
DirectMap4k:       71672 kB
DirectMap2M:      835584 kB


CPU:total 1 (1 cores per cpu, 1 threads per core) family 6 model 23 stepping 10, cmov, cx8, fxsr, mmx, sse, sse2, sse3, ssse3, tsc

/proc/cpuinfo:
processor	: 0
vendor_id	: GenuineIntel
cpu family	: 6
model		: 23
model name	: Intel(R) Celeron(R) CPU          900  @ 2.20GHz
stepping	: 10
microcode	: 0xa07
cpu MHz		: 2199.421
cache size	: 1024 KB
physical id	: 0
siblings	: 1
core id		: 0
cpu cores	: 1
apicid		: 0
initial apicid	: 0
fdiv_bug	: no
f00f_bug	: no
coma_bug	: no
fpu		: yes
fpu_exception	: yes
cpuid level	: 13
wp		: yes
flags		: fpu vme de pse tsc msr pae mce cx8 sep mtrr pge mca cmov pat pse36 clflush dts acpi mmx fxsr sse sse2 ss tm pbe nx lm constant_tsc arch_perfmon pebs bts aperfmperf pni dtes64 monitor ds_cpl tm2 ssse3 cx16 xtpr pdcm xsave lahf_lm dtherm
bogomips	: 4398.84
clflush size	: 64
cache_alignment	: 64
address sizes	: 36 bits physical, 48 bits virtual
power management:



Memory: 4k page, physical 2069788k(462508k free), swap 975868k(966732k free)

vm_info: OpenJDK Client VM (24.79-b02) for linux-x86 JRE (1.7.0_79-b14), built on Apr 27 2015 11:16:50 by "buildd" with gcc 4.9.2

time: Fri Jun 12 22:19:14 2015
elapsed time: 1 seconds

