#
# A fatal error has been detected by the Java Runtime Environment:
#
#  SIGSEGV (0xb) at pc=0xb479b630, pid=7843, tid=3062512448
#
# JRE version: OpenJDK Runtime Environment (7.0_79-b14) (build 1.7.0_79-b14)
# Java VM: OpenJDK Client VM (24.79-b02 mixed mode linux-x86 )
# Derivative: IcedTea 2.5.5
# Distribution: Debian GNU/Linux 8.0 (jessie), package 7u79-2.5.5-1~deb8u1
# Problematic frame:
# J 173 C1 ar.wololo.pokemon.dominio.Pokemon.experienciaParaNivel(I)Ljava/lang/Integer; (60 bytes) @ 0xb479b630 [0xb479b620+0x10]
#
# Failed to write core dump. Core dumps have been disabled. To enable core dumping, try "ulimit -c unlimited" before starting Java again
#
# If you would like to submit a bug report, please include
# instructions on how to reproduce the bug and visit:
#   http://icedtea.classpath.org/bugzilla
#

---------------  T H R E A D  ---------------

Current thread (0xb6708000):  JavaThread "ScalaTest-main-running-ActividadesTest" [_thread_in_Java, id=7845, stack(0xb6853000,0xb68a4000)]

siginfo:si_signo=SIGSEGV: si_errno=0, si_code=2 (SEGV_ACCERR), si_addr=0xb6853fec

Registers:
EAX=0x9b155888, EBX=0x000000a8, ECX=0x90a16780, EDX=0x00000001
ESP=0xb6859fec, EBP=0xb687a2ec, ESI=0x90a16780, EDI=0x00000028
EIP=0xb479b630, EFLAGS=0x00010202, CR2=0xb6853fec

Top of Stack: (sp=0xb6859fec)
0xb6859fec:   b479b652 00000000 00000000 00000000
0xb6859ffc:   9b155608 00000000 00000000 00000000
0xb685a00c:   9b155608 00000000 00000000 00000000
0xb685a01c:   9b155608 00000000 00000000 90a16780
0xb685a02c:   9b155888 00000000 00000000 b687a2ec
0xb685a03c:   b479b652 00000000 00000000 00000000
0xb685a04c:   9b155608 00000000 00000000 00000000
0xb685a05c:   9b155608 00000000 00000000 00000000 

Instructions: (pc=0xb479b630)
0xb479b610:   05 70 0b 68 01 f8 32 ff 06 90 05 68 00 00 00 00
0xb479b620:   90 90 90 90 90 90 90 3b 41 04 0f 85 60 fa f5 ff
0xb479b630:   89 84 24 00 a0 ff ff 55 83 ec 48 83 fa 00 0f 84
0xb479b640:   2c 00 00 00 4a 8b f1 8b ce 89 74 24 38 e8 de ff 

Register to memory mapping:

EAX=0x9b155888 is an oop
java.lang.Integer 
 - klass: 'java/lang/Integer'
EBX=0x000000a8 is an unknown value
ECX=
[error occurred during error reporting (printing register info), id 0xb]

Stack: [0xb6853000,0xb68a4000],  sp=0xb6859fec,  free space=27k
Native frames: (J=compiled Java code, j=interpreted, Vv=VM code, C=native code)
J 173 C1 ar.wololo.pokemon.dominio.Pokemon.experienciaParaNivel(I)Ljava/lang/Integer; (60 bytes) @ 0xb479b630 [0xb479b620+0x10]
C  0xb687a2ec

[error occurred during error reporting (printing native stack), id 0xb]


---------------  P R O C E S S  ---------------

Java Threads: ( => current thread )
  0x8fa39800 JavaThread "ScalaTest-dispatcher" [_thread_blocked, id=7858, stack(0x8f441000,0x8f492000)]
  0xb679b800 JavaThread "Service Thread" daemon [_thread_blocked, id=7856, stack(0x8fc54000,0x8fca5000)]
  0xb6799800 JavaThread "C1 CompilerThread0" daemon [_thread_blocked, id=7855, stack(0x8fca5000,0x8fd26000)]
  0xb6798000 JavaThread "Signal Dispatcher" daemon [_thread_blocked, id=7854, stack(0x8fd26000,0x8fd77000)]
  0xb6785400 JavaThread "Finalizer" daemon [_thread_blocked, id=7852, stack(0x90017000,0x90068000)]
  0xb6783c00 JavaThread "Reference Handler" daemon [_thread_blocked, id=7851, stack(0x90068000,0x900b9000)]
=>0xb6708000 JavaThread "ScalaTest-main-running-ActividadesTest" [_thread_in_Java, id=7845, stack(0xb6853000,0xb68a4000)]

Other Threads:
  0xb6781400 VMThread [stack: 0x900b9000,0x9013a000] [id=7850]
  0xb679e000 WatcherThread [stack: 0x8fbd3000,0x8fc54000] [id=7857]

VM state:not at safepoint (normal execution)

VM Mutex/Monitor currently owned by a thread: None

Heap
 def new generation   total 4928K, used 4786K [0x90600000, 0x90b50000, 0x9b0a0000)
  eden space 4416K,  96% used [0x90600000, 0x90a2cb40, 0x90a50000)
  from space 512K,  99% used [0x90ad0000, 0x90b4fff8, 0x90b50000)
  to   space 512K,   0% used [0x90a50000, 0x90a50000, 0x90ad0000)
 tenured generation   total 10944K, used 2220K [0x9b0a0000, 0x9bb50000, 0xb0600000)
   the space 10944K,  20% used [0x9b0a0000, 0x9b2cb090, 0x9b2cb200, 0x9bb50000)
 compacting perm gen  total 12288K, used 6878K [0xb0600000, 0xb1200000, 0xb4600000)
   the space 12288K,  55% used [0xb0600000, 0xb0cb7b98, 0xb0cb7c00, 0xb1200000)
No shared spaces configured.

Card table byte_map: [0x904df000,0x90600000] byte_map_base: 0x9005c000

Polling page: 0xb7742000

Code Cache  [0xb46ce000, 0xb47be000, 0xb66ce000)
 total_blobs=484 nmethods=321 adapters=100 free_code_cache=31836Kb largest_free_block=32600320

Compilation events (10 events):
Event: 1,785 Thread 0xb6799800 nmethod 316 0xb47b56c8 code [0xb47b57c0, 0xb47b5840]
Event: 1,785 Thread 0xb6799800  317             ar.wololo.pokemon.dominio.Pokemon::copy$default$12 (5 bytes)
Event: 1,785 Thread 0xb6799800 nmethod 317 0xb47b5888 code [0xb47b5980, 0xb47b5a00]
Event: 1,785 Thread 0xb6799800  318             ar.wololo.pokemon.dominio.Pokemon::copy$default$8 (5 bytes)
Event: 1,785 Thread 0xb6799800 nmethod 318 0xb47b5a48 code [0xb47b5b40, 0xb47b5bc0]
Event: 1,785 Thread 0xb6799800  319             ar.wololo.pokemon.dominio.Pokemon::copy$default$1 (5 bytes)
Event: 1,785 Thread 0xb6799800 nmethod 319 0xb47b5c08 code [0xb47b5d00, 0xb47b5d80]
Event: 1,785 Thread 0xb6799800  320             ar.wololo.pokemon.dominio.Pokemon::aumentaExperiencia (258 bytes)
Event: 1,786 Thread 0xb6799800 nmethod 320 0xb47b5dc8 code [0xb47b5f50, 0xb47b633c]
Event: 1,786 Thread 0xb6799800  321             ar.wololo.pokemon.dominio.Pokemon::subirDeNivel (173 bytes)

GC Heap History (6 events):
Event: 0,782 GC heap before
{Heap before GC invocations=0 (full 0):
 def new generation   total 4928K, used 4413K [0x90600000, 0x90b50000, 0x9b0a0000)
  eden space 4416K,  99% used [0x90600000, 0x90a4f7c0, 0x90a50000)
  from space 512K,   0% used [0x90a50000, 0x90a50000, 0x90ad0000)
  to   space 512K,   0% used [0x90ad0000, 0x90ad0000, 0x90b50000)
 tenured generation   total 10944K, used 0K [0x9b0a0000, 0x9bb50000, 0xb0600000)
   the space 10944K,   0% used [0x9b0a0000, 0x9b0a0000, 0x9b0a0200, 0x9bb50000)
 compacting perm gen  total 12288K, used 4310K [0xb0600000, 0xb1200000, 0xb4600000)
   the space 12288K,  35% used [0xb0600000, 0xb0a359d8, 0xb0a35a00, 0xb1200000)
No shared spaces configured.
Event: 0,789 GC heap after
Heap after GC invocations=1 (full 0):
 def new generation   total 4928K, used 512K [0x90600000, 0x90b50000, 0x9b0a0000)
  eden space 4416K,   0% used [0x90600000, 0x90600000, 0x90a50000)
  from space 512K, 100% used [0x90ad0000, 0x90b50000, 0x90b50000)
  to   space 512K,   0% used [0x90a50000, 0x90a50000, 0x90ad0000)
 tenured generation   total 10944K, used 540K [0x9b0a0000, 0x9bb50000, 0xb0600000)
   the space 10944K,   4% used [0x9b0a0000, 0x9b127020, 0x9b127200, 0x9bb50000)
 compacting perm gen  total 12288K, used 4310K [0xb0600000, 0xb1200000, 0xb4600000)
   the space 12288K,  35% used [0xb0600000, 0xb0a359d8, 0xb0a35a00, 0xb1200000)
No shared spaces configured.
}
Event: 1,076 GC heap before
{Heap before GC invocations=1 (full 0):
 def new generation   total 4928K, used 4928K [0x90600000, 0x90b50000, 0x9b0a0000)
  eden space 4416K, 100% used [0x90600000, 0x90a50000, 0x90a50000)
  from space 512K, 100% used [0x90ad0000, 0x90b50000, 0x90b50000)
  to   space 512K,   0% used [0x90a50000, 0x90a50000, 0x90ad0000)
 tenured generation   total 10944K, used 540K [0x9b0a0000, 0x9bb50000, 0xb0600000)
   the space 10944K,   4% used [0x9b0a0000, 0x9b127020, 0x9b127200, 0x9bb50000)
 compacting perm gen  total 12288K, used 5428K [0xb0600000, 0xb1200000, 0xb4600000)
   the space 12288K,  44% used [0xb0600000, 0xb0b4d338, 0xb0b4d400, 0xb1200000)
No shared spaces configured.
Event: 1,086 GC heap after
Heap after GC invocations=2 (full 0):
 def new generation   total 4928K, used 512K [0x90600000, 0x90b50000, 0x9b0a0000)
  eden space 4416K,   0% used [0x90600000, 0x90600000, 0x90a50000)
  from space 512K, 100% used [0x90a50000, 0x90ad0000, 0x90ad0000)
  to   space 512K,   0% used [0x90ad0000, 0x90ad0000, 0x90b50000)
 tenured generation   total 10944K, used 1518K [0x9b0a0000, 0x9bb50000, 0xb0600000)
   the space 10944K,  13% used [0x9b0a0000, 0x9b21bb08, 0x9b21bc00, 0x9bb50000)
 compacting perm gen  total 12288K, used 5428K [0xb0600000, 0xb1200000, 0xb4600000)
   the space 12288K,  44% used [0xb0600000, 0xb0b4d338, 0xb0b4d400, 0xb1200000)
No shared spaces configured.
}
Event: 1,329 GC heap before
{Heap before GC invocations=2 (full 0):
 def new generation   total 4928K, used 4928K [0x90600000, 0x90b50000, 0x9b0a0000)
  eden space 4416K, 100% used [0x90600000, 0x90a50000, 0x90a50000)
  from space 512K, 100% used [0x90a50000, 0x90ad0000, 0x90ad0000)
  to   space 512K,   0% used [0x90ad0000, 0x90ad0000, 0x90b50000)
 tenured generation   total 10944K, used 1518K [0x9b0a0000, 0x9bb50000, 0xb0600000)
   the space 10944K,  13% used [0x9b0a0000, 0x9b21bb08, 0x9b21bc00, 0x9bb50000)
 compacting perm gen  total 12288K, used 6636K [0xb0600000, 0xb1200000, 0xb4600000)
   the space 12288K,  54% used [0xb0600000, 0xb0c7b170, 0xb0c7b200, 0xb1200000)
No shared spaces configured.
Event: 1,340 GC heap after
Heap after GC invocations=3 (full 0):
 def new generation   total 4928K, used 511K [0x90600000, 0x90b50000, 0x9b0a0000)
  eden space 4416K,   0% used [0x90600000, 0x90600000, 0x90a50000)
  from space 512K,  99% used [0x90ad0000, 0x90b4fff8, 0x90b50000)
  to   space 512K,   0% used [0x90a50000, 0x90a50000, 0x90ad0000)
 tenured generation   total 10944K, used 2220K [0x9b0a0000, 0x9bb50000, 0xb0600000)
   the space 10944K,  20% used [0x9b0a0000, 0x9b2cb090, 0x9b2cb200, 0x9bb50000)
 compacting perm gen  total 12288K, used 6636K [0xb0600000, 0xb1200000, 0xb4600000)
   the space 12288K,  54% used [0xb0600000, 0xb0c7b170, 0xb0c7b200, 0xb1200000)
No shared spaces configured.
}

Deoptimization events (0 events):
No events

Internal exceptions (10 events):
Event: 1,589 Thread 0x8fa39800 Threw 0x907ffef0 at /build/openjdk-7-ZMawwJ/openjdk-7-7u79-2.5.5/build/openjdk/hotspot/src/share/vm/prims/jvm.cpp:1284
Event: 1,589 Thread 0x8fa39800 Threw 0x908003f0 at /build/openjdk-7-ZMawwJ/openjdk-7-7u79-2.5.5/build/openjdk/hotspot/src/share/vm/prims/jvm.cpp:1284
Event: 1,602 Thread 0x8fa39800 Threw 0x90809e70 at /build/openjdk-7-ZMawwJ/openjdk-7-7u79-2.5.5/build/openjdk/hotspot/src/share/vm/prims/jvm.cpp:1284
Event: 1,602 Thread 0x8fa39800 Threw 0x9080a320 at /build/openjdk-7-ZMawwJ/openjdk-7-7u79-2.5.5/build/openjdk/hotspot/src/share/vm/prims/jvm.cpp:1284
Event: 1,608 Thread 0x8fa39800 Threw 0x9083a0e0 at /build/openjdk-7-ZMawwJ/openjdk-7-7u79-2.5.5/build/openjdk/hotspot/src/share/vm/prims/jvm.cpp:1284
Event: 1,608 Thread 0x8fa39800 Threw 0x9083a630 at /build/openjdk-7-ZMawwJ/openjdk-7-7u79-2.5.5/build/openjdk/hotspot/src/share/vm/prims/jvm.cpp:1284
Event: 1,625 Thread 0x8fa39800 Threw 0x90840a60 at /build/openjdk-7-ZMawwJ/openjdk-7-7u79-2.5.5/build/openjdk/hotspot/src/share/vm/prims/jvm.cpp:1284
Event: 1,625 Thread 0x8fa39800 Threw 0x90840f28 at /build/openjdk-7-ZMawwJ/openjdk-7-7u79-2.5.5/build/openjdk/hotspot/src/share/vm/prims/jvm.cpp:1284
Event: 1,630 Thread 0x8fa39800 Threw 0x90845c30 at /build/openjdk-7-ZMawwJ/openjdk-7-7u79-2.5.5/build/openjdk/hotspot/src/share/vm/prims/jvm.cpp:1284
Event: 1,630 Thread 0x8fa39800 Threw 0x908461c0 at /build/openjdk-7-ZMawwJ/openjdk-7-7u79-2.5.5/build/openjdk/hotspot/src/share/vm/prims/jvm.cpp:1284

Events (10 events):
Event: 1,589 loading class 0x0955bb70
Event: 1,589 loading class 0x0955bb70 done
Event: 1,602 loading class 0x8fa48460
Event: 1,602 loading class 0x8fa48460 done
Event: 1,607 loading class 0x8fa484e0
Event: 1,607 loading class 0x8fa484e0 done
Event: 1,625 loading class 0x8fafc800
Event: 1,625 loading class 0x8fafc800 done
Event: 1,630 loading class 0x095559b8
Event: 1,630 loading class 0x095559b8 done


Dynamic libraries:
08048000-08049000 r-xp 00000000 08:05 401311     /usr/lib/jvm/java-7-openjdk-i386/jre/bin/java
08049000-0804a000 r--p 00000000 08:05 401311     /usr/lib/jvm/java-7-openjdk-i386/jre/bin/java
0804a000-0804b000 rw-p 00001000 08:05 401311     /usr/lib/jvm/java-7-openjdk-i386/jre/bin/java
09439000-095a7000 rw-p 00000000 00:00 0          [heap]
8f300000-8f34a000 rw-p 00000000 00:00 0 
8f34a000-8f400000 ---p 00000000 00:00 0 
8f441000-8f444000 ---p 00000000 00:00 0 
8f444000-8f492000 rwxp 00000000 00:00 0          [stack:7858]
8f492000-8f653000 rw-p 00000000 00:00 0 
8f653000-8f6c2000 r-xp 00000000 08:05 234        /lib/i386-linux-gnu/libpcre.so.3.13.1
8f6c2000-8f6c3000 r--p 0006f000 08:05 234        /lib/i386-linux-gnu/libpcre.so.3.13.1
8f6c3000-8f6c4000 rw-p 00070000 08:05 234        /lib/i386-linux-gnu/libpcre.so.3.13.1
8f6c4000-8f7ea000 r-xp 00000000 08:05 156        /lib/i386-linux-gnu/libglib-2.0.so.0.4200.1
8f7ea000-8f7eb000 r--p 00125000 08:05 156        /lib/i386-linux-gnu/libglib-2.0.so.0.4200.1
8f7eb000-8f7ec000 rw-p 00126000 08:05 156        /lib/i386-linux-gnu/libglib-2.0.so.0.4200.1
8f7ec000-8f848000 r-xp 00000000 08:05 398732     /usr/lib/i386-linux-gnu/libgobject-2.0.so.0.4200.1
8f848000-8f849000 r--p 0005b000 08:05 398732     /usr/lib/i386-linux-gnu/libgobject-2.0.so.0.4200.1
8f849000-8f84a000 rw-p 0005c000 08:05 398732     /usr/lib/i386-linux-gnu/libgobject-2.0.so.0.4200.1
8f84a000-8f9fb000 r-xp 00000000 08:05 398685     /usr/lib/i386-linux-gnu/libgio-2.0.so.0.4200.1
8f9fb000-8f9fe000 r--p 001b0000 08:05 398685     /usr/lib/i386-linux-gnu/libgio-2.0.so.0.4200.1
8f9fe000-8f9ff000 rw-p 001b3000 08:05 398685     /usr/lib/i386-linux-gnu/libgio-2.0.so.0.4200.1
8f9ff000-8fa00000 rw-p 00000000 00:00 0 
8fa00000-8faff000 rw-p 00000000 00:00 0 
8faff000-8fb00000 ---p 00000000 00:00 0 
8fb14000-8fb39000 r-xp 00000000 08:05 257        /lib/i386-linux-gnu/libselinux.so.1
8fb39000-8fb3a000 r--p 00024000 08:05 257        /lib/i386-linux-gnu/libselinux.so.1
8fb3a000-8fb3b000 rw-p 00025000 08:05 257        /lib/i386-linux-gnu/libselinux.so.1
8fb3b000-8fb3c000 rw-p 00000000 00:00 0 
8fb4a000-8fb55000 r--s 00094000 08:06 657697     /home/nachomf/Descargas/Scala/eclipse/plugins/org.scala-lang.modules.scala-xml_1.0.3.jar
8fb55000-8fb6b000 r-xp 00000000 08:05 432451     /usr/lib/jvm/java-7-openjdk-i386/jre/lib/i386/libnet.so
8fb6b000-8fb6c000 r--p 00016000 08:05 432451     /usr/lib/jvm/java-7-openjdk-i386/jre/lib/i386/libnet.so
8fb6c000-8fb6d000 rw-p 00017000 08:05 432451     /usr/lib/jvm/java-7-openjdk-i386/jre/lib/i386/libnet.so
8fb6d000-8fbd3000 r--s 00675000 08:06 657818     /home/nachomf/wololos-1c-2015-tp-tadp-pokemon/scalatest_2.11-2.2.4.jar
8fbd3000-8fbd4000 ---p 00000000 00:00 0 
8fbd4000-8fca5000 rwxp 00000000 00:00 0          [stack:7856]
8fca5000-8fca6000 ---p 00000000 00:00 0 
8fca6000-8fd77000 rwxp 00000000 00:00 0          [stack:7854]
8fd77000-8ff00000 r--p 00000000 08:05 431749     /usr/lib/locale/locale-archive
8ff00000-8ff21000 rw-p 00000000 00:00 0 
8ff21000-90000000 ---p 00000000 00:00 0 
90000000-90013000 r-xp 00000000 08:05 93         /lib/i386-linux-gnu/i686/cmov/libresolv-2.19.so
90013000-90014000 r--p 00012000 08:05 93         /lib/i386-linux-gnu/i686/cmov/libresolv-2.19.so
90014000-90015000 rw-p 00013000 08:05 93         /lib/i386-linux-gnu/i686/cmov/libresolv-2.19.so
90015000-90017000 rw-p 00000000 00:00 0 
90017000-900b9000 rwxp 00000000 00:00 0          [stack:7851]
900b9000-900ba000 ---p 00000000 00:00 0 
900ba000-9013a000 rwxp 00000000 00:00 0          [stack:7850]
9013a000-90183000 rw-p 00000000 00:00 0 
90183000-90334000 r--s 01d27000 08:05 432475     /usr/lib/jvm/java-7-openjdk-i386/jre/lib/rt.jar
90334000-90380000 r--s 003f3000 08:06 657704     /home/nachomf/Descargas/Scala/eclipse/plugins/org.scala-lang.scala-reflect_2.11.6.v20150224-172222-092690e7bf.jar
90380000-903d9000 r--s 004f6000 08:06 657702     /home/nachomf/Descargas/Scala/eclipse/plugins/org.scala-lang.scala-library_2.11.6.v20150224-172222-092690e7bf.jar
903d9000-9043a000 rw-p 00000000 00:00 0 
9043a000-904df000 rw-p 00000000 00:00 0 
904df000-904e2000 rw-p 00000000 00:00 0 
904e2000-90534000 rw-p 00000000 00:00 0 
90534000-9053a000 rw-p 00000000 00:00 0 
9053a000-905df000 rw-p 00000000 00:00 0 
905df000-905e5000 rw-p 00000000 00:00 0 
905e5000-905ff000 rw-p 00000000 00:00 0 
905ff000-90b50000 rw-p 00000000 00:00 0 
90b50000-9b0a0000 rw-p 00000000 00:00 0 
9b0a0000-9bb50000 rw-p 00000000 00:00 0 
9bb50000-b0600000 rw-p 00000000 00:00 0 
b0600000-b1200000 rw-p 00000000 00:00 0 
b1200000-b4600000 rw-p 00000000 00:00 0 
b4608000-b460e000 r-xp 00000000 08:05 398552     /usr/lib/i386-linux-gnu/libffi.so.6.0.2
b460e000-b460f000 r--p 00005000 08:05 398552     /usr/lib/i386-linux-gnu/libffi.so.6.0.2
b460f000-b4610000 rw-p 00006000 08:05 398552     /usr/lib/i386-linux-gnu/libffi.so.6.0.2
b4610000-b4613000 r-xp 00000000 08:05 398710     /usr/lib/i386-linux-gnu/libgmodule-2.0.so.0.4200.1
b4613000-b4614000 r--p 00002000 08:05 398710     /usr/lib/i386-linux-gnu/libgmodule-2.0.so.0.4200.1
b4614000-b4615000 rw-p 00003000 08:05 398710     /usr/lib/i386-linux-gnu/libgmodule-2.0.so.0.4200.1
b4615000-b461f000 r--s 0007f000 08:06 657860     /home/nachomf/Descargas/Scala/eclipse/plugins/org.scala-ide.sdt.scalatest_2.9.3.v-4-2_11-201503120831-a29ebef.jar
b461f000-b4621000 r--s 00006000 08:05 530882     /usr/share/java/java-atk-wrapper.jar
b4621000-b4625000 r--s 00034000 08:05 432469     /usr/lib/jvm/java-7-openjdk-i386/jre/lib/ext/sunjce_provider.jar
b4625000-b462d000 r--s 0006c000 08:06 657699     /home/nachomf/Descargas/Scala/eclipse/plugins/org.scala-lang.scala-actors_2.11.6.v20150224-172222-092690e7bf.jar
b462d000-b4634000 rw-p 00000000 00:00 0 
b4634000-b464e000 rw-p 00000000 00:00 0 
b464e000-b4652000 rw-p 00000000 00:00 0 
b4652000-b46ce000 rw-p 00000000 00:00 0 
b46ce000-b47be000 rwxp 00000000 00:00 0 
b47be000-b66ce000 rw-p 00000000 00:00 0 
b66ce000-b66d9000 r-xp 00000000 08:05 82         /lib/i386-linux-gnu/i686/cmov/libnss_files-2.19.so
b66d9000-b66da000 r--p 0000a000 08:05 82         /lib/i386-linux-gnu/i686/cmov/libnss_files-2.19.so
b66da000-b66db000 rw-p 0000b000 08:05 82         /lib/i386-linux-gnu/i686/cmov/libnss_files-2.19.so
b66db000-b66e5000 r-xp 00000000 08:05 86         /lib/i386-linux-gnu/i686/cmov/libnss_nis-2.19.so
b66e5000-b66e6000 r--p 00009000 08:05 86         /lib/i386-linux-gnu/i686/cmov/libnss_nis-2.19.so
b66e6000-b66e7000 rw-p 0000a000 08:05 86         /lib/i386-linux-gnu/i686/cmov/libnss_nis-2.19.so
b66e7000-b66fc000 r-xp 00000000 08:05 76         /lib/i386-linux-gnu/i686/cmov/libnsl-2.19.so
b66fc000-b66fd000 r--p 00015000 08:05 76         /lib/i386-linux-gnu/i686/cmov/libnsl-2.19.so
b66fd000-b66fe000 rw-p 00016000 08:05 76         /lib/i386-linux-gnu/i686/cmov/libnsl-2.19.so
b66fe000-b6700000 rw-p 00000000 00:00 0 
b6700000-b67ff000 rw-p 00000000 00:00 0 
b67ff000-b6800000 ---p 00000000 00:00 0 
b6800000-b6807000 r-xp 00000000 08:05 78         /lib/i386-linux-gnu/i686/cmov/libnss_compat-2.19.so
b6807000-b6808000 r--p 00006000 08:05 78         /lib/i386-linux-gnu/i686/cmov/libnss_compat-2.19.so
b6808000-b6809000 rw-p 00007000 08:05 78         /lib/i386-linux-gnu/i686/cmov/libnss_compat-2.19.so
b6809000-b680a000 r--s 00002000 08:05 432467     /usr/lib/jvm/java-7-openjdk-i386/jre/lib/ext/dnsns.jar
b680a000-b680e000 r--s 0003c000 08:05 432466     /usr/lib/jvm/java-7-openjdk-i386/jre/lib/ext/sunpkcs11.jar
b680e000-b6810000 r--s 00012000 08:05 432470     /usr/lib/jvm/java-7-openjdk-i386/jre/lib/ext/zipfs.jar
b6810000-b6818000 r-xp 00000000 08:05 432458     /usr/lib/jvm/java-7-openjdk-i386/jre/lib/i386/libzip.so
b6818000-b6819000 r--p 00007000 08:05 432458     /usr/lib/jvm/java-7-openjdk-i386/jre/lib/i386/libzip.so
b6819000-b681a000 rw-p 00008000 08:05 432458     /usr/lib/jvm/java-7-openjdk-i386/jre/lib/i386/libzip.so
b681a000-b6822000 rw-s 00000000 08:05 438954     /tmp/hsperfdata_nachomf/7843
b6822000-b6848000 r-xp 00000000 08:05 432440     /usr/lib/jvm/java-7-openjdk-i386/jre/lib/i386/libjava.so
b6848000-b6849000 r--p 00025000 08:05 432440     /usr/lib/jvm/java-7-openjdk-i386/jre/lib/i386/libjava.so
b6849000-b684a000 rw-p 00026000 08:05 432440     /usr/lib/jvm/java-7-openjdk-i386/jre/lib/i386/libjava.so
b684a000-b6851000 r-xp 00000000 08:05 95         /lib/i386-linux-gnu/i686/cmov/librt-2.19.so
b6851000-b6852000 r--p 00006000 08:05 95         /lib/i386-linux-gnu/i686/cmov/librt-2.19.so
b6852000-b6853000 rw-p 00007000 08:05 95         /lib/i386-linux-gnu/i686/cmov/librt-2.19.so
b6853000-b6854000 rw-p 00000000 00:00 0 
b6854000-b68a4000 rwxp 00000000 00:00 0          [stack:7845]
b68a4000-b68c0000 r-xp 00000000 08:05 152        /lib/i386-linux-gnu/libgcc_s.so.1
b68c0000-b68c1000 rw-p 0001b000 08:05 152        /lib/i386-linux-gnu/libgcc_s.so.1
b68c1000-b6905000 r-xp 00000000 08:05 73         /lib/i386-linux-gnu/i686/cmov/libm-2.19.so
b6905000-b6906000 r--p 00043000 08:05 73         /lib/i386-linux-gnu/i686/cmov/libm-2.19.so
b6906000-b6907000 rw-p 00044000 08:05 73         /lib/i386-linux-gnu/i686/cmov/libm-2.19.so
b6907000-b69ed000 r-xp 00000000 08:05 399444     /usr/lib/i386-linux-gnu/libstdc++.so.6.0.20
b69ed000-b69f1000 r--p 000e6000 08:05 399444     /usr/lib/i386-linux-gnu/libstdc++.so.6.0.20
b69f1000-b69f2000 rw-p 000ea000 08:05 399444     /usr/lib/i386-linux-gnu/libstdc++.so.6.0.20
b69f2000-b69f9000 rw-p 00000000 00:00 0 
b69f9000-b7101000 r-xp 00000000 08:05 432464     /usr/lib/jvm/java-7-openjdk-i386/jre/lib/i386/client/libjvm.so
b7101000-b7119000 r--p 00707000 08:05 432464     /usr/lib/jvm/java-7-openjdk-i386/jre/lib/i386/client/libjvm.so
b7119000-b7128000 rw-p 0071f000 08:05 432464     /usr/lib/jvm/java-7-openjdk-i386/jre/lib/i386/client/libjvm.so
b7128000-b7544000 rw-p 00000000 00:00 0 
b7544000-b755e000 r-xp 00000000 08:05 290        /lib/i386-linux-gnu/libz.so.1.2.8
b755e000-b7560000 r--p 00019000 08:05 290        /lib/i386-linux-gnu/libz.so.1.2.8
b7560000-b7561000 rw-p 0001b000 08:05 290        /lib/i386-linux-gnu/libz.so.1.2.8
b7561000-b7705000 r-xp 00000000 08:05 65         /lib/i386-linux-gnu/i686/cmov/libc-2.19.so
b7705000-b7707000 r--p 001a4000 08:05 65         /lib/i386-linux-gnu/i686/cmov/libc-2.19.so
b7707000-b7708000 rw-p 001a6000 08:05 65         /lib/i386-linux-gnu/i686/cmov/libc-2.19.so
b7708000-b770b000 rw-p 00000000 00:00 0 
b770b000-b770e000 r-xp 00000000 08:05 71         /lib/i386-linux-gnu/i686/cmov/libdl-2.19.so
b770e000-b770f000 r--p 00002000 08:05 71         /lib/i386-linux-gnu/i686/cmov/libdl-2.19.so
b770f000-b7710000 rw-p 00003000 08:05 71         /lib/i386-linux-gnu/i686/cmov/libdl-2.19.so
b7710000-b771c000 r-xp 00000000 08:05 432462     /usr/lib/jvm/java-7-openjdk-i386/jre/lib/i386/jli/libjli.so
b771c000-b771d000 r--p 0000b000 08:05 432462     /usr/lib/jvm/java-7-openjdk-i386/jre/lib/i386/jli/libjli.so
b771d000-b771e000 rw-p 0000c000 08:05 432462     /usr/lib/jvm/java-7-openjdk-i386/jre/lib/i386/jli/libjli.so
b771e000-b7736000 r-xp 00000000 08:05 91         /lib/i386-linux-gnu/i686/cmov/libpthread-2.19.so
b7736000-b7737000 r--p 00017000 08:05 91         /lib/i386-linux-gnu/i686/cmov/libpthread-2.19.so
b7737000-b7738000 rw-p 00018000 08:05 91         /lib/i386-linux-gnu/i686/cmov/libpthread-2.19.so
b7738000-b773b000 rw-p 00000000 00:00 0 
b773b000-b773e000 r--s 0000f000 08:05 432471     /usr/lib/jvm/java-7-openjdk-i386/jre/lib/ext/icedtea-sound.jar
b773e000-b7741000 r--s 00086000 08:05 432468     /usr/lib/jvm/java-7-openjdk-i386/jre/lib/ext/localedata.jar
b7741000-b7742000 rw-p 00000000 00:00 0 
b7742000-b7743000 r--p 00000000 00:00 0 
b7743000-b7751000 r-xp 00000000 08:05 432457     /usr/lib/jvm/java-7-openjdk-i386/jre/lib/i386/libverify.so
b7751000-b7753000 r--p 0000d000 08:05 432457     /usr/lib/jvm/java-7-openjdk-i386/jre/lib/i386/libverify.so
b7753000-b7754000 rw-p 0000f000 08:05 432457     /usr/lib/jvm/java-7-openjdk-i386/jre/lib/i386/libverify.so
b7754000-b7756000 rw-p 00000000 00:00 0 
b7756000-b7757000 r-xp 00000000 00:00 0          [vdso]
b7757000-b7759000 r--p 00000000 00:00 0          [vvar]
b7759000-b7778000 r-xp 00000000 08:05 101        /lib/i386-linux-gnu/ld-2.19.so
b7778000-b7779000 r--p 0001f000 08:05 101        /lib/i386-linux-gnu/ld-2.19.so
b7779000-b777a000 rw-p 00020000 08:05 101        /lib/i386-linux-gnu/ld-2.19.so
bfc51000-bfc52000 rwxp 00000000 00:00 0 
bfc84000-bfca3000 rwxp 00000000 00:00 0          [stack]
bfca3000-bfca5000 rw-p 00000000 00:00 0 

VM Arguments:
jvm_args: -Dfile.encoding=UTF-8 -Xbootclasspath/p:/home/nachomf/Descargas/Scala/eclipse/plugins/org.scala-lang.scala-library_2.11.6.v20150224-172222-092690e7bf.jar:/home/nachomf/Descargas/Scala/eclipse/plugins/org.scala-lang.scala-reflect_2.11.6.v20150224-172222-092690e7bf.jar:/home/nachomf/Descargas/Scala/eclipse/plugins/org.scala-lang.scala-actors_2.11.6.v20150224-172222-092690e7bf.jar 
java_command: scala.tools.eclipse.scalatest.launching.ScalaTestLauncher /tmp/st-launch8741907864687621025.classpath /tmp/st-launch8494286095593633066.args
Launcher Type: SUN_STANDARD

Environment Variables:
PATH=/usr/local/bin:/usr/bin:/bin:/usr/local/games:/usr/games
USERNAME=nachomf
LD_LIBRARY_PATH=/usr/lib/jvm/java-7-openjdk-i386/jre/lib/i386/client:/usr/lib/jvm/java-7-openjdk-i386/jre/lib/i386:
SHELL=/bin/bash
DISPLAY=:0

Signal Handlers:
SIGSEGV: [libjvm.so+0x4cfd40], sa_mask[0]=0x7ffbfeff, sa_flags=0x10000004
SIGBUS: [libjvm.so+0x4cfd40], sa_mask[0]=0x7ffbfeff, sa_flags=0x10000004
SIGFPE: [libjvm.so+0x3bdc80], sa_mask[0]=0x7ffbfeff, sa_flags=0x10000004
SIGPIPE: [libjvm.so+0x3bdc80], sa_mask[0]=0x7ffbfeff, sa_flags=0x10000004
SIGXFSZ: [libjvm.so+0x3bdc80], sa_mask[0]=0x7ffbfeff, sa_flags=0x10000004
SIGILL: [libjvm.so+0x3bdc80], sa_mask[0]=0x7ffbfeff, sa_flags=0x10000004
SIGUSR1: SIG_DFL, sa_mask[0]=0x00000000, sa_flags=0x00000000
SIGUSR2: [libjvm.so+0x3bdad0], sa_mask[0]=0x00000004, sa_flags=0x10000004
SIGHUP: [libjvm.so+0x3bdd30], sa_mask[0]=0x7ffbfeff, sa_flags=0x10000004
SIGINT: [libjvm.so+0x3bdd30], sa_mask[0]=0x7ffbfeff, sa_flags=0x10000004
SIGTERM: [libjvm.so+0x3bdd30], sa_mask[0]=0x7ffbfeff, sa_flags=0x10000004
SIGQUIT: [libjvm.so+0x3bdd30], sa_mask[0]=0x7ffbfeff, sa_flags=0x10000004
SIGTRAP: SIG_DFL, sa_mask[0]=0x00000000, sa_flags=0x00000000


---------------  S Y S T E M  ---------------

OS:8.0

uname:Linux 3.16.0-4-686-pae #1 SMP Debian 3.16.7-ckt9-3~deb8u1 (2015-04-24) i686
libc:glibc 2.19 NPTL 2.19 
rlimit: STACK 8192k, CORE 0k, NPROC 16001, NOFILE 65536, AS infinity
load average:0,11 0,31 2,59

/proc/meminfo:
MemTotal:        2069788 kB
MemFree:          455632 kB
MemAvailable:     800604 kB
Buffers:           32872 kB
Cached:           444832 kB
SwapCached:         2344 kB
Active:          1053068 kB
Inactive:         436516 kB
Active(anon):     732416 kB
Inactive(anon):   286212 kB
Active(file):     320652 kB
Inactive(file):   150304 kB
Unevictable:          24 kB
Mlocked:              24 kB
HighTotal:       1187400 kB
HighFree:         263724 kB
LowTotal:         882388 kB
LowFree:          191908 kB
SwapTotal:        975868 kB
SwapFree:         966804 kB
Dirty:                84 kB
Writeback:             0 kB
AnonPages:       1009824 kB
Mapped:           159140 kB
Shmem:              6748 kB
Slab:              41484 kB
SReclaimable:      28636 kB
SUnreclaim:        12848 kB
KernelStack:        2664 kB
PageTables:         6832 kB
NFS_Unstable:          0 kB
Bounce:                0 kB
WritebackTmp:          0 kB
CommitLimit:     2010760 kB
Committed_AS:    2814956 kB
VmallocTotal:     122880 kB
VmallocUsed:       61928 kB
VmallocChunk:      50156 kB
HardwareCorrupted:     0 kB
AnonHugePages:         0 kB
HugePages_Total:       0
HugePages_Free:        0
HugePages_Rsvd:        0
HugePages_Surp:        0
Hugepagesize:       2048 kB
DirectMap4k:       71672 kB
DirectMap2M:      835584 kB


CPU:total 1 (1 cores per cpu, 1 threads per core) family 6 model 23 stepping 10, cmov, cx8, fxsr, mmx, sse, sse2, sse3, ssse3, tsc

/proc/cpuinfo:
processor	: 0
vendor_id	: GenuineIntel
cpu family	: 6
model		: 23
model name	: Intel(R) Celeron(R) CPU          900  @ 2.20GHz
stepping	: 10
microcode	: 0xa07
cpu MHz		: 2199.421
cache size	: 1024 KB
physical id	: 0
siblings	: 1
core id		: 0
cpu cores	: 1
apicid		: 0
initial apicid	: 0
fdiv_bug	: no
f00f_bug	: no
coma_bug	: no
fpu		: yes
fpu_exception	: yes
cpuid level	: 13
wp		: yes
flags		: fpu vme de pse tsc msr pae mce cx8 sep mtrr pge mca cmov pat pse36 clflush dts acpi mmx fxsr sse sse2 ss tm pbe nx lm constant_tsc arch_perfmon pebs bts aperfmperf pni dtes64 monitor ds_cpl tm2 ssse3 cx16 xtpr pdcm xsave lahf_lm dtherm
bogomips	: 4398.84
clflush size	: 64
cache_alignment	: 64
address sizes	: 36 bits physical, 48 bits virtual
power management:



Memory: 4k page, physical 2069788k(455632k free), swap 975868k(966804k free)

vm_info: OpenJDK Client VM (24.79-b02) for linux-x86 JRE (1.7.0_79-b14), built on Apr 27 2015 11:16:50 by "buildd" with gcc 4.9.2

time: Fri Jun 12 22:31:24 2015
elapsed time: 1 seconds

